<?xml version="1.0" encoding="UTF-8"?>
<testsuite xmlns:xsi="http://www.w3.org/2001/XMLSchema-instance" xsi:noNamespaceSchemaLocation="https://maven.apache.org/surefire/maven-surefire-plugin/xsd/surefire-test-report-3.0.xsd" version="3.0" name="com.pdcgame.Panels.ProductInfoPanelTest" time="2.442" tests="8" errors="0" skipped="0" failures="0">
  <properties>
[...]
</properties>
  <testcase name="testAddSameProductTwice" classname="com.pdcgame.Panels.ProductInfoPanelTest" time="0.397">
    <system-out><![CDATA[showing product info for: TestProduct
Adding to cart: TestProduct
Adding to cart: TestProduct
]]></system-out>
  </testcase>
  <testcase name="testAddToCartIncreasesQuantity" classname="com.pdcgame.Panels.ProductInfoPanelTest" time="0.09">
    <system-out><![CDATA[showing product info for: TestProduct
Adding to cart: TestProduct
]]></system-out>
  </testcase>
  <testcase name="testShowProductInfoDisplaysPrice" classname="com.pdcgame.Panels.ProductInfoPanelTest" time="0.014">
    <system-out><![CDATA[showing product info for: Milk
]]></system-out>
  </testcase>
  <testcase name="testShowProductInfoDisplaysQuantity" classname="com.pdcgame.Panels.ProductInfoPanelTest" time="0.008">
    <system-out><![CDATA[showing product info for: Bread
]]></system-out>
  </testcase>
  <testcase name="testShowProductInfoDisplaysCorrectName" classname="com.pdcgame.Panels.ProductInfoPanelTest" time="0.008">
    <system-out><![CDATA[showing product info for: Apple
]]></system-out>
  </testcase>
  <testcase name="testSuccessfulCheckoutClearsCart" classname="com.pdcgame.Panels.ProductInfoPanelTest" time="1.904">
    <system-out><![CDATA[showing product info for: TestProduct
12:24:25.399 [main] DEBUG org.jboss.logging -- Logging Provider: org.jboss.logging.Slf4jLoggerProvider
12:24:25.405 [main] DEBUG org.hibernate.integrator.internal.IntegratorServiceImpl -- Adding Integrator [org.hibernate.boot.beanvalidation.BeanValidationIntegrator].
12:24:25.407 [main] DEBUG org.hibernate.integrator.internal.IntegratorServiceImpl -- Adding Integrator [org.hibernate.cache.internal.CollectionCacheInvalidator].
12:24:25.430 [main] INFO org.hibernate.Version -- HHH000412: Hibernate ORM core version 6.5.0.Final
12:24:25.431 [main] DEBUG org.hibernate.cfg.Environment -- HHH000206: 'hibernate.properties' not found
12:24:25.454 [main] DEBUG org.hibernate.boot.jaxb.internal.stax.LocalXmlResourceResolver -- Checking public/system identifiers `-//Hibernate/Hibernate Configuration DTD 3.0//EN`/`http://hibernate.sourceforge.net/hibernate-configuration-3.0.dtd` as DTD references
12:24:25.455 [main] WARN org.hibernate.orm.deprecation -- HHH90000012: Recognized obsolete hibernate namespace http://hibernate.sourceforge.net/hibernate-configuration. Use namespace http://www.hibernate.org/dtd/hibernate-configuration instead.  Support for obsolete DTD/XSD namespaces may be removed at any time.
12:24:25.459 [main] DEBUG org.hibernate.boot.cfgxml.internal.JaxbCfgProcessor -- cfg.xml document did not define namespaces; wrapping in custom event reader to introduce namespace information
12:24:25.563 [main] DEBUG org.hibernate.cfg.Configuration -- Building session factory using internal StandardServiceRegistryBuilder
12:24:25.566 [main] DEBUG org.hibernate.cfg.Configuration -- Building session factory using provided StandardServiceRegistry
12:24:25.570 [main] DEBUG org.hibernate.orm.idgen.factory -- Ignoring CDI for resolving IdentifierGenerator instances as extended or delayed CDI support was enabled
12:24:25.572 [main] DEBUG org.hibernate.orm.idgen.factory -- Registering IdentifierGenerator strategy [uuid2] -> [org.hibernate.id.UUIDGenerator]
12:24:25.573 [main] DEBUG org.hibernate.orm.idgen.factory -- Registering IdentifierGenerator strategy [guid] -> [org.hibernate.id.GUIDGenerator]
12:24:25.573 [main] DEBUG org.hibernate.orm.idgen.factory -- Registering IdentifierGenerator strategy [uuid] -> [org.hibernate.id.UUIDHexGenerator]
12:24:25.573 [main] DEBUG org.hibernate.orm.idgen.factory -- Registering IdentifierGenerator strategy [uuid.hex] -> [org.hibernate.id.UUIDHexGenerator]
12:24:25.573 [main] DEBUG org.hibernate.orm.idgen.factory -- Registering IdentifierGenerator strategy [assigned] -> [org.hibernate.id.Assigned]
12:24:25.574 [main] DEBUG org.hibernate.orm.idgen.factory -- Registering IdentifierGenerator strategy [identity] -> [org.hibernate.id.IdentityGenerator]
12:24:25.574 [main] DEBUG org.hibernate.orm.idgen.factory -- Registering IdentifierGenerator strategy [select] -> [org.hibernate.id.SelectGenerator]
12:24:25.574 [main] DEBUG org.hibernate.orm.idgen.factory -- Registering IdentifierGenerator strategy [sequence] -> [org.hibernate.id.enhanced.SequenceStyleGenerator]
12:24:25.574 [main] DEBUG org.hibernate.orm.idgen.factory -- Registering IdentifierGenerator strategy [increment] -> [org.hibernate.id.IncrementGenerator]
12:24:25.575 [main] DEBUG org.hibernate.orm.idgen.factory -- Registering IdentifierGenerator strategy [foreign] -> [org.hibernate.id.ForeignGenerator]
12:24:25.575 [main] DEBUG org.hibernate.orm.idgen.factory -- Registering IdentifierGenerator strategy [enhanced-sequence] -> [org.hibernate.id.enhanced.SequenceStyleGenerator]
12:24:25.575 [main] DEBUG org.hibernate.orm.idgen.factory -- Registering IdentifierGenerator strategy [enhanced-table] -> [org.hibernate.id.enhanced.TableGenerator]
12:24:25.579 [main] DEBUG org.hibernate.cache.internal.RegionFactoryInitiator -- Cannot default RegionFactory based on registered strategies as `[]` RegionFactory strategies were registered
12:24:25.579 [main] INFO org.hibernate.cache.internal.RegionFactoryInitiator -- HHH000026: Second-level cache disabled
12:24:25.644 [main] DEBUG org.hibernate.type.BasicTypeRegistry -- Adding type registration boolean -> org.hibernate.type.BasicTypeReference@769d513
12:24:25.645 [main] DEBUG org.hibernate.type.BasicTypeRegistry -- Adding type registration boolean -> org.hibernate.type.BasicTypeReference@769d513
12:24:25.645 [main] DEBUG org.hibernate.type.BasicTypeRegistry -- Adding type registration java.lang.Boolean -> org.hibernate.type.BasicTypeReference@769d513
12:24:25.645 [main] DEBUG org.hibernate.type.BasicTypeRegistry -- Adding type registration numeric_boolean -> org.hibernate.type.BasicTypeReference@5e4fa1da
12:24:25.645 [main] DEBUG org.hibernate.type.BasicTypeRegistry -- Adding type registration org.hibernate.type.NumericBooleanConverter -> org.hibernate.type.BasicTypeReference@5e4fa1da
12:24:25.645 [main] DEBUG org.hibernate.type.BasicTypeRegistry -- Adding type registration true_false -> org.hibernate.type.BasicTypeReference@588cd519
12:24:25.645 [main] DEBUG org.hibernate.type.BasicTypeRegistry -- Adding type registration org.hibernate.type.TrueFalseConverter -> org.hibernate.type.BasicTypeReference@588cd519
12:24:25.645 [main] DEBUG org.hibernate.type.BasicTypeRegistry -- Adding type registration yes_no -> org.hibernate.type.BasicTypeReference@3f92c349
12:24:25.645 [main] DEBUG org.hibernate.type.BasicTypeRegistry -- Adding type registration org.hibernate.type.YesNoConverter -> org.hibernate.type.BasicTypeReference@3f92c349
12:24:25.645 [main] DEBUG org.hibernate.type.BasicTypeRegistry -- Adding type registration byte -> org.hibernate.type.BasicTypeReference@769a58e5
12:24:25.645 [main] DEBUG org.hibernate.type.BasicTypeRegistry -- Adding type registration byte -> org.hibernate.type.BasicTypeReference@769a58e5
12:24:25.645 [main] DEBUG org.hibernate.type.BasicTypeRegistry -- Adding type registration java.lang.Byte -> org.hibernate.type.BasicTypeReference@769a58e5
12:24:25.645 [main] DEBUG org.hibernate.type.BasicTypeRegistry -- Adding type registration binary -> org.hibernate.type.BasicTypeReference@55f8669d
12:24:25.645 [main] DEBUG org.hibernate.type.BasicTypeRegistry -- Adding type registration byte[] -> org.hibernate.type.BasicTypeReference@55f8669d
12:24:25.645 [main] DEBUG org.hibernate.type.BasicTypeRegistry -- Adding type registration [B -> org.hibernate.type.BasicTypeReference@55f8669d
12:24:25.645 [main] DEBUG org.hibernate.type.BasicTypeRegistry -- Adding type registration binary_wrapper -> org.hibernate.type.BasicTypeReference@6be25526
12:24:25.645 [main] DEBUG org.hibernate.type.BasicTypeRegistry -- Adding type registration wrapper-binary -> org.hibernate.type.BasicTypeReference@6be25526
12:24:25.645 [main] DEBUG org.hibernate.type.BasicTypeRegistry -- Adding type registration image -> org.hibernate.type.BasicTypeReference@42435b98
12:24:25.645 [main] DEBUG org.hibernate.type.BasicTypeRegistry -- Adding type registration blob -> org.hibernate.type.BasicTypeReference@66ba7e45
12:24:25.645 [main] DEBUG org.hibernate.type.BasicTypeRegistry -- Adding type registration java.sql.Blob -> org.hibernate.type.BasicTypeReference@66ba7e45
12:24:25.645 [main] DEBUG org.hibernate.type.BasicTypeRegistry -- Adding type registration materialized_blob -> org.hibernate.type.BasicTypeReference@70e02081
12:24:25.645 [main] DEBUG org.hibernate.type.BasicTypeRegistry -- Adding type registration materialized_blob_wrapper -> org.hibernate.type.BasicTypeReference@9d200de
12:24:25.645 [main] DEBUG org.hibernate.type.BasicTypeRegistry -- Adding type registration short -> org.hibernate.type.BasicTypeReference@511505e7
12:24:25.645 [main] DEBUG org.hibernate.type.BasicTypeRegistry -- Adding type registration short -> org.hibernate.type.BasicTypeReference@511505e7
12:24:25.645 [main] DEBUG org.hibernate.type.BasicTypeRegistry -- Adding type registration java.lang.Short -> org.hibernate.type.BasicTypeReference@511505e7
12:24:25.646 [main] DEBUG org.hibernate.type.BasicTypeRegistry -- Adding type registration integer -> org.hibernate.type.BasicTypeReference@646811d6
12:24:25.646 [main] DEBUG org.hibernate.type.BasicTypeRegistry -- Adding type registration int -> org.hibernate.type.BasicTypeReference@646811d6
12:24:25.646 [main] DEBUG org.hibernate.type.BasicTypeRegistry -- Adding type registration java.lang.Integer -> org.hibernate.type.BasicTypeReference@646811d6
12:24:25.646 [main] DEBUG org.hibernate.type.BasicTypeRegistry -- Adding type registration long -> org.hibernate.type.BasicTypeReference@15fdd1f2
12:24:25.646 [main] DEBUG org.hibernate.type.BasicTypeRegistry -- Adding type registration long -> org.hibernate.type.BasicTypeReference@15fdd1f2
12:24:25.646 [main] DEBUG org.hibernate.type.BasicTypeRegistry -- Adding type registration java.lang.Long -> org.hibernate.type.BasicTypeReference@15fdd1f2
12:24:25.646 [main] DEBUG org.hibernate.type.BasicTypeRegistry -- Adding type registration float -> org.hibernate.type.BasicTypeReference@cb0f763
12:24:25.646 [main] DEBUG org.hibernate.type.BasicTypeRegistry -- Adding type registration float -> org.hibernate.type.BasicTypeReference@cb0f763
12:24:25.646 [main] DEBUG org.hibernate.type.BasicTypeRegistry -- Adding type registration java.lang.Float -> org.hibernate.type.BasicTypeReference@cb0f763
12:24:25.646 [main] DEBUG org.hibernate.type.BasicTypeRegistry -- Adding type registration double -> org.hibernate.type.BasicTypeReference@7573e12f
12:24:25.646 [main] DEBUG org.hibernate.type.BasicTypeRegistry -- Adding type registration double -> org.hibernate.type.BasicTypeReference@7573e12f
12:24:25.646 [main] DEBUG org.hibernate.type.BasicTypeRegistry -- Adding type registration java.lang.Double -> org.hibernate.type.BasicTypeReference@7573e12f
12:24:25.646 [main] DEBUG org.hibernate.type.BasicTypeRegistry -- Adding type registration big_integer -> org.hibernate.type.BasicTypeReference@51b1a8f6
12:24:25.646 [main] DEBUG org.hibernate.type.BasicTypeRegistry -- Adding type registration java.math.BigInteger -> org.hibernate.type.BasicTypeReference@51b1a8f6
12:24:25.646 [main] DEBUG org.hibernate.type.BasicTypeRegistry -- Adding type registration big_decimal -> org.hibernate.type.BasicTypeReference@2a389173
12:24:25.646 [main] DEBUG org.hibernate.type.BasicTypeRegistry -- Adding type registration java.math.BigDecimal -> org.hibernate.type.BasicTypeReference@2a389173
12:24:25.646 [main] DEBUG org.hibernate.type.BasicTypeRegistry -- Adding type registration character -> org.hibernate.type.BasicTypeReference@213860b8
12:24:25.646 [main] DEBUG org.hibernate.type.BasicTypeRegistry -- Adding type registration char -> org.hibernate.type.BasicTypeReference@213860b8
12:24:25.646 [main] DEBUG org.hibernate.type.BasicTypeRegistry -- Adding type registration java.lang.Character -> org.hibernate.type.BasicTypeReference@213860b8
12:24:25.646 [main] DEBUG org.hibernate.type.BasicTypeRegistry -- Adding type registration character_nchar -> org.hibernate.type.BasicTypeReference@4ba89729
12:24:25.646 [main] DEBUG org.hibernate.type.BasicTypeRegistry -- Adding type registration string -> org.hibernate.type.BasicTypeReference@178270b2
12:24:25.646 [main] DEBUG org.hibernate.type.BasicTypeRegistry -- Adding type registration java.lang.String -> org.hibernate.type.BasicTypeReference@178270b2
12:24:25.646 [main] DEBUG org.hibernate.type.BasicTypeRegistry -- Adding type registration nstring -> org.hibernate.type.BasicTypeReference@795fd838
12:24:25.646 [main] DEBUG org.hibernate.type.BasicTypeRegistry -- Adding type registration characters -> org.hibernate.type.BasicTypeReference@1b005a0b
12:24:25.646 [main] DEBUG org.hibernate.type.BasicTypeRegistry -- Adding type registration char[] -> org.hibernate.type.BasicTypeReference@1b005a0b
12:24:25.646 [main] DEBUG org.hibernate.type.BasicTypeRegistry -- Adding type registration [C -> org.hibernate.type.BasicTypeReference@1b005a0b
12:24:25.646 [main] DEBUG org.hibernate.type.BasicTypeRegistry -- Adding type registration wrapper-characters -> org.hibernate.type.BasicTypeReference@141e879d
12:24:25.646 [main] DEBUG org.hibernate.type.BasicTypeRegistry -- Adding type registration text -> org.hibernate.type.BasicTypeReference@109d724c
12:24:25.646 [main] DEBUG org.hibernate.type.BasicTypeRegistry -- Adding type registration ntext -> org.hibernate.type.BasicTypeReference@1704f67f
12:24:25.647 [main] DEBUG org.hibernate.type.BasicTypeRegistry -- Adding type registration clob -> org.hibernate.type.BasicTypeReference@e4d2696
12:24:25.647 [main] DEBUG org.hibernate.type.BasicTypeRegistry -- Adding type registration java.sql.Clob -> org.hibernate.type.BasicTypeReference@e4d2696
12:24:25.647 [main] DEBUG org.hibernate.type.BasicTypeRegistry -- Adding type registration nclob -> org.hibernate.type.BasicTypeReference@6e0f7aad
12:24:25.647 [main] DEBUG org.hibernate.type.BasicTypeRegistry -- Adding type registration java.sql.NClob -> org.hibernate.type.BasicTypeReference@6e0f7aad
12:24:25.647 [main] DEBUG org.hibernate.type.BasicTypeRegistry -- Adding type registration materialized_clob -> org.hibernate.type.BasicTypeReference@15fb7a32
12:24:25.647 [main] DEBUG org.hibernate.type.BasicTypeRegistry -- Adding type registration materialized_clob_char_array -> org.hibernate.type.BasicTypeReference@257cc1fc
12:24:25.647 [main] DEBUG org.hibernate.type.BasicTypeRegistry -- Adding type registration materialized_clob_character_array -> org.hibernate.type.BasicTypeReference@42e22a53
12:24:25.647 [main] DEBUG org.hibernate.type.BasicTypeRegistry -- Adding type registration materialized_nclob -> org.hibernate.type.BasicTypeReference@57adfab0
12:24:25.647 [main] DEBUG org.hibernate.type.BasicTypeRegistry -- Adding type registration materialized_nclob_character_array -> org.hibernate.type.BasicTypeReference@1949309d
12:24:25.647 [main] DEBUG org.hibernate.type.BasicTypeRegistry -- Adding type registration materialized_nclob_char_array -> org.hibernate.type.BasicTypeReference@5af97169
12:24:25.647 [main] DEBUG org.hibernate.type.BasicTypeRegistry -- Adding type registration Duration -> org.hibernate.type.BasicTypeReference@99a78d7
12:24:25.647 [main] DEBUG org.hibernate.type.BasicTypeRegistry -- Adding type registration java.time.Duration -> org.hibernate.type.BasicTypeReference@99a78d7
12:24:25.647 [main] DEBUG org.hibernate.type.BasicTypeRegistry -- Adding type registration LocalDateTime -> org.hibernate.type.BasicTypeReference@31da6b2e
12:24:25.647 [main] DEBUG org.hibernate.type.BasicTypeRegistry -- Adding type registration java.time.LocalDateTime -> org.hibernate.type.BasicTypeReference@31da6b2e
12:24:25.647 [main] DEBUG org.hibernate.type.BasicTypeRegistry -- Adding type registration LocalDate -> org.hibernate.type.BasicTypeReference@61c76850
12:24:25.647 [main] DEBUG org.hibernate.type.BasicTypeRegistry -- Adding type registration java.time.LocalDate -> org.hibernate.type.BasicTypeReference@61c76850
12:24:25.647 [main] DEBUG org.hibernate.type.BasicTypeRegistry -- Adding type registration LocalTime -> org.hibernate.type.BasicTypeReference@70242f38
12:24:25.647 [main] DEBUG org.hibernate.type.BasicTypeRegistry -- Adding type registration java.time.LocalTime -> org.hibernate.type.BasicTypeReference@70242f38
12:24:25.647 [main] DEBUG org.hibernate.type.BasicTypeRegistry -- Adding type registration OffsetDateTime -> org.hibernate.type.BasicTypeReference@2a22ad2b
12:24:25.647 [main] DEBUG org.hibernate.type.BasicTypeRegistry -- Adding type registration java.time.OffsetDateTime -> org.hibernate.type.BasicTypeReference@2a22ad2b
12:24:25.647 [main] DEBUG org.hibernate.type.BasicTypeRegistry -- Adding type registration OffsetDateTimeWithTimezone -> org.hibernate.type.BasicTypeReference@48c3205a
12:24:25.647 [main] DEBUG org.hibernate.type.BasicTypeRegistry -- Adding type registration OffsetDateTimeWithoutTimezone -> org.hibernate.type.BasicTypeReference@121c54fa
12:24:25.647 [main] DEBUG org.hibernate.type.BasicTypeRegistry -- Adding type registration OffsetTime -> org.hibernate.type.BasicTypeReference@4390f46e
12:24:25.647 [main] DEBUG org.hibernate.type.BasicTypeRegistry -- Adding type registration java.time.OffsetTime -> org.hibernate.type.BasicTypeReference@4390f46e
12:24:25.647 [main] DEBUG org.hibernate.type.BasicTypeRegistry -- Adding type registration OffsetTimeUtc -> org.hibernate.type.BasicTypeReference@7c6442c2
12:24:25.647 [main] DEBUG org.hibernate.type.BasicTypeRegistry -- Adding type registration OffsetTimeWithTimezone -> org.hibernate.type.BasicTypeReference@2d746ce4
12:24:25.647 [main] DEBUG org.hibernate.type.BasicTypeRegistry -- Adding type registration OffsetTimeWithoutTimezone -> org.hibernate.type.BasicTypeReference@5dbf5634
12:24:25.647 [main] DEBUG org.hibernate.type.BasicTypeRegistry -- Adding type registration ZonedDateTime -> org.hibernate.type.BasicTypeReference@1948ea69
12:24:25.647 [main] DEBUG org.hibernate.type.BasicTypeRegistry -- Adding type registration java.time.ZonedDateTime -> org.hibernate.type.BasicTypeReference@1948ea69
12:24:25.647 [main] DEBUG org.hibernate.type.BasicTypeRegistry -- Adding type registration ZonedDateTimeWithTimezone -> org.hibernate.type.BasicTypeReference@47e4d9d0
12:24:25.647 [main] DEBUG org.hibernate.type.BasicTypeRegistry -- Adding type registration ZonedDateTimeWithoutTimezone -> org.hibernate.type.BasicTypeReference@49798e84
12:24:25.648 [main] DEBUG org.hibernate.type.BasicTypeRegistry -- Adding type registration date -> org.hibernate.type.BasicTypeReference@6ed06f69
12:24:25.648 [main] DEBUG org.hibernate.type.BasicTypeRegistry -- Adding type registration java.sql.Date -> org.hibernate.type.BasicTypeReference@6ed06f69
12:24:25.648 [main] DEBUG org.hibernate.type.BasicTypeRegistry -- Adding type registration time -> org.hibernate.type.BasicTypeReference@3015db78
12:24:25.648 [main] DEBUG org.hibernate.type.BasicTypeRegistry -- Adding type registration java.sql.Time -> org.hibernate.type.BasicTypeReference@3015db78
12:24:25.648 [main] DEBUG org.hibernate.type.BasicTypeRegistry -- Adding type registration timestamp -> org.hibernate.type.BasicTypeReference@515ebef3
12:24:25.648 [main] DEBUG org.hibernate.type.BasicTypeRegistry -- Adding type registration java.sql.Timestamp -> org.hibernate.type.BasicTypeReference@515ebef3
12:24:25.648 [main] DEBUG org.hibernate.type.BasicTypeRegistry -- Adding type registration java.util.Date -> org.hibernate.type.BasicTypeReference@515ebef3
12:24:25.648 [main] DEBUG org.hibernate.type.BasicTypeRegistry -- Adding type registration calendar -> org.hibernate.type.BasicTypeReference@545607f2
12:24:25.648 [main] DEBUG org.hibernate.type.BasicTypeRegistry -- Adding type registration java.util.Calendar -> org.hibernate.type.BasicTypeReference@545607f2
12:24:25.648 [main] DEBUG org.hibernate.type.BasicTypeRegistry -- Adding type registration java.util.GregorianCalendar -> org.hibernate.type.BasicTypeReference@545607f2
12:24:25.648 [main] DEBUG org.hibernate.type.BasicTypeRegistry -- Adding type registration calendar_date -> org.hibernate.type.BasicTypeReference@39109136
12:24:25.648 [main] DEBUG org.hibernate.type.BasicTypeRegistry -- Adding type registration calendar_time -> org.hibernate.type.BasicTypeReference@27c04377
12:24:25.648 [main] DEBUG org.hibernate.type.BasicTypeRegistry -- Adding type registration instant -> org.hibernate.type.BasicTypeReference@34dc85a
12:24:25.648 [main] DEBUG org.hibernate.type.BasicTypeRegistry -- Adding type registration java.time.Instant -> org.hibernate.type.BasicTypeReference@34dc85a
12:24:25.648 [main] DEBUG org.hibernate.type.BasicTypeRegistry -- Adding type registration uuid -> org.hibernate.type.BasicTypeReference@67403656
12:24:25.648 [main] DEBUG org.hibernate.type.BasicTypeRegistry -- Adding type registration java.util.UUID -> org.hibernate.type.BasicTypeReference@67403656
12:24:25.648 [main] DEBUG org.hibernate.type.BasicTypeRegistry -- Adding type registration pg-uuid -> org.hibernate.type.BasicTypeReference@67403656
12:24:25.649 [main] DEBUG org.hibernate.type.BasicTypeRegistry -- Adding type registration uuid-binary -> org.hibernate.type.BasicTypeReference@5a6482a9
12:24:25.649 [main] DEBUG org.hibernate.type.BasicTypeRegistry -- Adding type registration uuid-char -> org.hibernate.type.BasicTypeReference@12f8b1d8
12:24:25.649 [main] DEBUG org.hibernate.type.BasicTypeRegistry -- Adding type registration class -> org.hibernate.type.BasicTypeReference@746cd757
12:24:25.649 [main] DEBUG org.hibernate.type.BasicTypeRegistry -- Adding type registration java.lang.Class -> org.hibernate.type.BasicTypeReference@746cd757
12:24:25.649 [main] DEBUG org.hibernate.type.BasicTypeRegistry -- Adding type registration currency -> org.hibernate.type.BasicTypeReference@ae372b9
12:24:25.649 [main] DEBUG org.hibernate.type.BasicTypeRegistry -- Adding type registration Currency -> org.hibernate.type.BasicTypeReference@ae372b9
12:24:25.649 [main] DEBUG org.hibernate.type.BasicTypeRegistry -- Adding type registration java.util.Currency -> org.hibernate.type.BasicTypeReference@ae372b9
12:24:25.649 [main] DEBUG org.hibernate.type.BasicTypeRegistry -- Adding type registration locale -> org.hibernate.type.BasicTypeReference@2098d37d
12:24:25.649 [main] DEBUG org.hibernate.type.BasicTypeRegistry -- Adding type registration java.util.Locale -> org.hibernate.type.BasicTypeReference@2098d37d
12:24:25.649 [main] DEBUG org.hibernate.type.BasicTypeRegistry -- Adding type registration serializable -> org.hibernate.type.BasicTypeReference@77b9d0c7
12:24:25.649 [main] DEBUG org.hibernate.type.BasicTypeRegistry -- Adding type registration java.io.Serializable -> org.hibernate.type.BasicTypeReference@77b9d0c7
12:24:25.649 [main] DEBUG org.hibernate.type.BasicTypeRegistry -- Adding type registration timezone -> org.hibernate.type.BasicTypeReference@65fd6708
12:24:25.649 [main] DEBUG org.hibernate.type.BasicTypeRegistry -- Adding type registration java.util.TimeZone -> org.hibernate.type.BasicTypeReference@65fd6708
12:24:25.649 [main] DEBUG org.hibernate.type.BasicTypeRegistry -- Adding type registration ZoneOffset -> org.hibernate.type.BasicTypeReference@749ab7b4
12:24:25.649 [main] DEBUG org.hibernate.type.BasicTypeRegistry -- Adding type registration java.time.ZoneOffset -> org.hibernate.type.BasicTypeReference@749ab7b4
12:24:25.649 [main] DEBUG org.hibernate.type.BasicTypeRegistry -- Adding type registration url -> org.hibernate.type.BasicTypeReference@127f9161
12:24:25.649 [main] DEBUG org.hibernate.type.BasicTypeRegistry -- Adding type registration java.net.URL -> org.hibernate.type.BasicTypeReference@127f9161
12:24:25.649 [main] DEBUG org.hibernate.type.BasicTypeRegistry -- Adding type registration vector -> org.hibernate.type.BasicTypeReference@2bf94401
12:24:25.649 [main] DEBUG org.hibernate.type.BasicTypeRegistry -- Adding type registration row_version -> org.hibernate.type.BasicTypeReference@2532b351
12:24:25.652 [main] DEBUG org.hibernate.type.BasicTypeRegistry -- Adding type registration object -> org.hibernate.type.JavaObjectType@6892cc6f
12:24:25.652 [main] DEBUG org.hibernate.type.BasicTypeRegistry -- Adding type registration java.lang.Object -> org.hibernate.type.JavaObjectType@6892cc6f
12:24:25.653 [main] DEBUG org.hibernate.type.BasicTypeRegistry -- Adding type registration null -> org.hibernate.type.NullType@621f89b8
12:24:25.653 [main] DEBUG org.hibernate.type.BasicTypeRegistry -- Adding type registration imm_date -> org.hibernate.type.BasicTypeReference@f339eae
12:24:25.653 [main] DEBUG org.hibernate.type.BasicTypeRegistry -- Adding type registration imm_time -> org.hibernate.type.BasicTypeReference@2822c6ff
12:24:25.653 [main] DEBUG org.hibernate.type.BasicTypeRegistry -- Adding type registration imm_timestamp -> org.hibernate.type.BasicTypeReference@4dafba3e
12:24:25.653 [main] DEBUG org.hibernate.type.BasicTypeRegistry -- Adding type registration imm_calendar -> org.hibernate.type.BasicTypeReference@53e3a87a
12:24:25.653 [main] DEBUG org.hibernate.type.BasicTypeRegistry -- Adding type registration imm_calendar_date -> org.hibernate.type.BasicTypeReference@40368a46
12:24:25.653 [main] DEBUG org.hibernate.type.BasicTypeRegistry -- Adding type registration imm_calendar_time -> org.hibernate.type.BasicTypeReference@7e9da981
12:24:25.653 [main] DEBUG org.hibernate.type.BasicTypeRegistry -- Adding type registration imm_binary -> org.hibernate.type.BasicTypeReference@4ed38226
12:24:25.653 [main] DEBUG org.hibernate.type.BasicTypeRegistry -- Adding type registration imm_serializable -> org.hibernate.type.BasicTypeReference@3d43fe
12:24:25.668 [main] WARN org.hibernate.orm.connections.pooling -- HHH10001002: Using built-in connection pool (not intended for production use)
12:24:25.774 [main] INFO org.hibernate.orm.connections.pooling -- HHH10001005: Loaded JDBC driver class: org.apache.derby.jdbc.EmbeddedDriver
12:24:25.774 [main] INFO org.hibernate.orm.connections.pooling -- HHH10001012: Connecting with JDBC URL [jdbc:derby:database/SupermarketDB;create=true]
12:24:25.774 [main] INFO org.hibernate.orm.connections.pooling -- HHH10001001: Connection properties: {password=, user=}
12:24:25.774 [main] INFO org.hibernate.orm.connections.pooling -- HHH10001003: Autocommit mode: false
12:24:25.776 [main] DEBUG org.hibernate.orm.connections.pooling -- Initializing Connection pool with 1 Connections
12:24:25.776 [main] INFO org.hibernate.orm.connections.pooling -- HHH10001115: Connection pool size: 20 (min=1)
12:24:25.887 [main] DEBUG org.hibernate.engine.jdbc.env.internal.JdbcEnvironmentInitiator -- Database ->
	   name : Apache Derby
	version : 10.17.1.0 - (1913217)
	  major : 10
	  minor : 17
12:24:25.887 [main] DEBUG org.hibernate.engine.jdbc.env.internal.JdbcEnvironmentInitiator -- Driver ->
	   name : Apache Derby Embedded JDBC Driver
	version : 10.17.1.0 - (1913217)
	  major : 10
	  minor : 17
12:24:25.887 [main] DEBUG org.hibernate.engine.jdbc.env.internal.JdbcEnvironmentInitiator -- JDBC version : 4.2
12:24:25.897 [main] WARN org.hibernate.orm.deprecation -- HHH90000025: DerbyDialect does not need to be specified explicitly using 'hibernate.dialect' (remove the property setting and it will be selected by default)
12:24:25.898 [main] DEBUG org.hibernate.orm.dialect -- HHH035001: Using dialect: org.hibernate.dialect.DerbyDialect, version: 10.17.1
12:24:25.911 [main] DEBUG org.hibernate.orm.jdbc.lob -- HHH10010006: Disabling contextual NCLOB creation as createNClob() method threw error : java.sql.SQLFeatureNotSupportedException: Feature not implemented: No details.
12:24:25.916 [main] DEBUG org.hibernate.type.descriptor.sql.spi.DdlTypeRegistry -- addDescriptor(-3, org.hibernate.type.descriptor.sql.internal.CapacityDependentDdlType@39bbd9e0) replaced previous registration(org.hibernate.type.descriptor.sql.internal.CapacityDependentDdlType@27fe9713)
12:24:25.917 [main] DEBUG org.hibernate.type.descriptor.sql.spi.DdlTypeRegistry -- addDescriptor(12, org.hibernate.type.descriptor.sql.internal.CapacityDependentDdlType@11c3ff67) replaced previous registration(org.hibernate.type.descriptor.sql.internal.CapacityDependentDdlType@4397a639)
12:24:25.917 [main] DEBUG org.hibernate.type.descriptor.sql.spi.DdlTypeRegistry -- addDescriptor(-9, org.hibernate.type.descriptor.sql.internal.CapacityDependentDdlType@24841372) replaced previous registration(org.hibernate.type.descriptor.sql.internal.CapacityDependentDdlType@77114efe)
12:24:25.917 [main] DEBUG org.hibernate.type.descriptor.sql.spi.DdlTypeRegistry -- addDescriptor(-2, org.hibernate.type.descriptor.sql.internal.CapacityDependentDdlType@79a7bfbc) replaced previous registration(org.hibernate.type.descriptor.sql.internal.DdlTypeImpl@77f68df)
12:24:25.917 [main] DEBUG org.hibernate.type.descriptor.sql.spi.DdlTypeRegistry -- addDescriptor(1, org.hibernate.type.descriptor.sql.internal.CapacityDependentDdlType@3e4e4c1) replaced previous registration(org.hibernate.type.descriptor.sql.internal.DdlTypeImpl@7e7f3cfd)
12:24:25.917 [main] DEBUG org.hibernate.type.descriptor.sql.spi.DdlTypeRegistry -- addDescriptor(-15, org.hibernate.type.descriptor.sql.internal.CapacityDependentDdlType@3ae126d1) replaced previous registration(org.hibernate.type.descriptor.sql.internal.DdlTypeImpl@46a488c2)
12:24:25.918 [main] DEBUG org.hibernate.type.descriptor.jdbc.spi.JdbcTypeRegistry -- addDescriptor(2005, ClobTypeDescriptor(STREAM_BINDING)) replaced previous registration(ClobTypeDescriptor(DEFAULT))
12:24:25.920 [main] DEBUG org.hibernate.type.descriptor.jdbc.spi.JdbcTypeRegistry -- addDescriptor(2, DecimalTypeDescriptor) replaced previous registration(NumericTypeDescriptor)
12:24:25.920 [main] DEBUG org.hibernate.type.descriptor.jdbc.spi.JdbcTypeRegistry -- addDescriptor(2014, TimestampTypeDescriptor) replaced previous registration(TimestampWithTimeZoneDescriptor)
12:24:25.921 [main] DEBUG org.hibernate.type.BasicTypeRegistry -- BasicTypeRegistry registration overwritten (2000 + org.hibernate.type.descriptor.java.ObjectJavaType@2a27cb34); previous =`org.hibernate.type.NullType@621f89b8`
12:24:25.921 [main] DEBUG org.hibernate.type.BasicTypeRegistry -- Adding type registration JAVA_OBJECT -> org.hibernate.type.JavaObjectType@3662bdff
12:24:25.921 [main] DEBUG org.hibernate.type.BasicTypeRegistry -- Adding type registration java.lang.Object -> org.hibernate.type.JavaObjectType@3662bdff
12:24:25.921 [main] DEBUG org.hibernate.type.BasicTypeRegistry -- Type registration key [java.lang.Object] overrode previous entry : `org.hibernate.type.JavaObjectType@6892cc6f`
12:24:25.925 [main] DEBUG org.hibernate.type.BasicTypeRegistry -- Adding type registration org.hibernate.type.DurationType -> basicType@1(java.time.Duration,3015)
12:24:25.925 [main] DEBUG org.hibernate.type.BasicTypeRegistry -- Adding type registration Duration -> basicType@1(java.time.Duration,3015)
12:24:25.925 [main] DEBUG org.hibernate.type.BasicTypeRegistry -- Adding type registration java.time.Duration -> basicType@1(java.time.Duration,3015)
12:24:25.930 [main] DEBUG org.hibernate.type.BasicTypeRegistry -- Adding type registration org.hibernate.type.OffsetDateTimeType -> basicType@2(java.time.OffsetDateTime,3003)
12:24:25.930 [main] DEBUG org.hibernate.type.BasicTypeRegistry -- Adding type registration OffsetDateTime -> basicType@2(java.time.OffsetDateTime,3003)
12:24:25.930 [main] DEBUG org.hibernate.type.BasicTypeRegistry -- Adding type registration java.time.OffsetDateTime -> basicType@2(java.time.OffsetDateTime,3003)
12:24:25.930 [main] DEBUG org.hibernate.type.BasicTypeRegistry -- Adding type registration org.hibernate.type.ZonedDateTimeType -> basicType@3(java.time.ZonedDateTime,3003)
12:24:25.930 [main] DEBUG org.hibernate.type.BasicTypeRegistry -- Adding type registration ZonedDateTime -> basicType@3(java.time.ZonedDateTime,3003)
12:24:25.930 [main] DEBUG org.hibernate.type.BasicTypeRegistry -- Adding type registration java.time.ZonedDateTime -> basicType@3(java.time.ZonedDateTime,3003)
12:24:25.931 [main] DEBUG org.hibernate.type.BasicTypeRegistry -- Adding type registration org.hibernate.type.OffsetTimeType -> basicType@4(java.time.OffsetTime,3007)
12:24:25.931 [main] DEBUG org.hibernate.type.BasicTypeRegistry -- Adding type registration OffsetTime -> basicType@4(java.time.OffsetTime,3007)
12:24:25.931 [main] DEBUG org.hibernate.type.BasicTypeRegistry -- Adding type registration java.time.OffsetTime -> basicType@4(java.time.OffsetTime,3007)
12:24:25.932 [main] DEBUG org.hibernate.type.spi.TypeConfiguration$Scope -- Scoping TypeConfiguration [org.hibernate.type.spi.TypeConfiguration@59b65dce] to MetadataBuildingContext [org.hibernate.boot.internal.MetadataBuildingContextRootImpl@1386313f]
12:24:25.953 [main] DEBUG org.hibernate.boot.model.relational.Namespace -- Created database namespace [logicalName=Name{catalog=null, schema=null}, physicalName=Name{catalog=null, schema=null}]
12:24:25.973 [main] DEBUG org.hibernate.boot.model.internal.EntityBinder -- Binding entity from annotated class: com.pdcgame.Models.GameSave
12:24:25.978 [main] DEBUG org.hibernate.boot.model.internal.EntityBinder -- Import with entity name GameSave
12:24:25.982 [main] DEBUG org.hibernate.boot.model.internal.EntityBinder -- Bind entity com.pdcgame.Models.GameSave on table game_save
12:24:25.987 [main] DEBUG org.hibernate.boot.model.internal.AnnotatedColumn -- Binding column: AnnotatedDiscriminatorColumn(column='DTYPE')
12:24:25.996 [main] DEBUG org.hibernate.boot.model.internal.AnnotatedColumn -- Binding column: AnnotatedColumn()
12:24:25.996 [main] DEBUG org.hibernate.boot.internal.ClassLoaderAccessImpl -- Not known whether passed class name [com.pdcgame.Models.GameSave] is safe
12:24:25.996 [main] DEBUG org.hibernate.boot.internal.ClassLoaderAccessImpl -- No temp ClassLoader provided; using live ClassLoader for loading potentially unsafe class : com.pdcgame.Models.GameSave
12:24:25.997 [main] DEBUG org.hibernate.boot.model.internal.PropertyBinder -- MetadataSourceProcessor property id with lazy=false
12:24:25.999 [main] DEBUG org.hibernate.boot.model.internal.AbstractPropertyHolder -- Attempting to locate auto-apply AttributeConverter for property [com.pdcgame.Models.GameSave:id]
12:24:26.001 [main] DEBUG org.hibernate.boot.model.internal.BasicValueBinder -- building BasicValue for id
12:24:26.003 [main] DEBUG org.hibernate.mapping.BasicValue -- Skipping column re-registration: game_save.id
12:24:26.003 [main] DEBUG org.hibernate.boot.model.internal.PropertyBinder -- Building property id
12:24:26.004 [main] DEBUG org.hibernate.boot.model.internal.BinderHelper -- #makeIdGenerator(BasicValue([Column(id)]), id, assigned, , ...)
12:24:26.005 [main] DEBUG org.hibernate.boot.model.internal.AnnotatedColumn -- Binding column: AnnotatedColumn()
12:24:26.005 [main] DEBUG org.hibernate.boot.model.internal.PropertyBinder -- MetadataSourceProcessor property actions with lazy=false
12:24:26.005 [main] DEBUG org.hibernate.boot.model.internal.AbstractPropertyHolder -- Attempting to locate auto-apply AttributeConverter for property [com.pdcgame.Models.GameSave:actions]
12:24:26.005 [main] DEBUG org.hibernate.boot.model.internal.BasicValueBinder -- building BasicValue for actions
12:24:26.005 [main] DEBUG org.hibernate.mapping.BasicValue -- Skipping column re-registration: game_save.actions
12:24:26.005 [main] DEBUG org.hibernate.boot.model.internal.PropertyBinder -- Building property actions
12:24:26.005 [main] DEBUG org.hibernate.boot.model.internal.AnnotatedColumn -- Binding column: AnnotatedColumn()
12:24:26.005 [main] DEBUG org.hibernate.boot.model.internal.PropertyBinder -- MetadataSourceProcessor property balance with lazy=false
12:24:26.005 [main] DEBUG org.hibernate.boot.model.internal.AbstractPropertyHolder -- Attempting to locate auto-apply AttributeConverter for property [com.pdcgame.Models.GameSave:balance]
12:24:26.005 [main] DEBUG org.hibernate.boot.model.internal.BasicValueBinder -- building BasicValue for balance
12:24:26.005 [main] DEBUG org.hibernate.mapping.BasicValue -- Skipping column re-registration: game_save.balance
12:24:26.005 [main] DEBUG org.hibernate.boot.model.internal.PropertyBinder -- Building property balance
12:24:26.005 [main] DEBUG org.hibernate.boot.model.internal.AnnotatedColumn -- Binding column: AnnotatedColumn()
12:24:26.005 [main] DEBUG org.hibernate.boot.model.internal.PropertyBinder -- MetadataSourceProcessor property day with lazy=false
12:24:26.005 [main] DEBUG org.hibernate.boot.model.internal.AbstractPropertyHolder -- Attempting to locate auto-apply AttributeConverter for property [com.pdcgame.Models.GameSave:day]
12:24:26.005 [main] DEBUG org.hibernate.boot.model.internal.BasicValueBinder -- building BasicValue for day
12:24:26.005 [main] DEBUG org.hibernate.mapping.BasicValue -- Skipping column re-registration: game_save.day
12:24:26.005 [main] DEBUG org.hibernate.boot.model.internal.PropertyBinder -- Building property day
12:24:26.005 [main] DEBUG org.hibernate.boot.model.internal.AnnotatedColumn -- Binding column: AnnotatedColumn()
12:24:26.005 [main] DEBUG org.hibernate.boot.model.internal.PropertyBinder -- MetadataSourceProcessor property difficulty with lazy=false
12:24:26.007 [main] DEBUG org.hibernate.boot.model.internal.AbstractPropertyHolder -- Attempting to locate auto-apply AttributeConverter for property [com.pdcgame.Models.GameSave:difficulty]
12:24:26.007 [main] DEBUG org.hibernate.boot.model.internal.BasicValueBinder -- building BasicValue for difficulty
12:24:26.007 [main] DEBUG org.hibernate.mapping.BasicValue -- Skipping column re-registration: game_save.difficulty
12:24:26.007 [main] DEBUG org.hibernate.boot.model.internal.PropertyBinder -- Building property difficulty
12:24:26.007 [main] DEBUG org.hibernate.boot.model.internal.AnnotatedColumn -- Binding column: AnnotatedColumn()
12:24:26.007 [main] DEBUG org.hibernate.boot.model.internal.PropertyBinder -- MetadataSourceProcessor property gameSeed with lazy=false
12:24:26.007 [main] DEBUG org.hibernate.boot.model.internal.AbstractPropertyHolder -- Attempting to locate auto-apply AttributeConverter for property [com.pdcgame.Models.GameSave:gameSeed]
12:24:26.008 [main] DEBUG org.hibernate.boot.model.internal.BasicValueBinder -- building BasicValue for gameSeed
12:24:26.008 [main] DEBUG org.hibernate.mapping.BasicValue -- Skipping column re-registration: game_save.gameSeed
12:24:26.008 [main] DEBUG org.hibernate.boot.model.internal.PropertyBinder -- Building property gameSeed
12:24:26.008 [main] DEBUG org.hibernate.boot.model.internal.AnnotatedColumn -- Binding column: AnnotatedColumn()
12:24:26.008 [main] DEBUG org.hibernate.boot.model.internal.PropertyBinder -- MetadataSourceProcessor property rating with lazy=false
12:24:26.008 [main] DEBUG org.hibernate.boot.model.internal.AbstractPropertyHolder -- Attempting to locate auto-apply AttributeConverter for property [com.pdcgame.Models.GameSave:rating]
12:24:26.008 [main] DEBUG org.hibernate.boot.model.internal.BasicValueBinder -- building BasicValue for rating
12:24:26.008 [main] DEBUG org.hibernate.mapping.BasicValue -- Skipping column re-registration: game_save.rating
12:24:26.008 [main] DEBUG org.hibernate.boot.model.internal.PropertyBinder -- Building property rating
12:24:26.008 [main] DEBUG org.hibernate.boot.model.internal.AnnotatedColumn -- Binding column: AnnotatedColumn()
12:24:26.008 [main] DEBUG org.hibernate.boot.model.internal.PropertyBinder -- MetadataSourceProcessor property totalActions with lazy=false
12:24:26.008 [main] DEBUG org.hibernate.boot.model.internal.AbstractPropertyHolder -- Attempting to locate auto-apply AttributeConverter for property [com.pdcgame.Models.GameSave:totalActions]
12:24:26.008 [main] DEBUG org.hibernate.boot.model.internal.BasicValueBinder -- building BasicValue for totalActions
12:24:26.008 [main] DEBUG org.hibernate.mapping.BasicValue -- Skipping column re-registration: game_save.totalActions
12:24:26.008 [main] DEBUG org.hibernate.boot.model.internal.PropertyBinder -- Building property totalActions
12:24:26.009 [main] DEBUG org.hibernate.boot.registry.classloading.internal.ClassLoaderServiceImpl -- HHH000194: Package not found or no package-info.java: com.pdcgame.Models
12:24:26.011 [main] DEBUG org.hibernate.boot.model.internal.EntityBinder -- Binding entity from annotated class: com.pdcgame.Models.InventorySave
12:24:26.012 [main] DEBUG org.hibernate.boot.model.internal.EntityBinder -- Import with entity name InventorySave
12:24:26.012 [main] DEBUG org.hibernate.boot.model.internal.EntityBinder -- Bind entity com.pdcgame.Models.InventorySave on table inventory_save
12:24:26.012 [main] DEBUG org.hibernate.boot.model.internal.AnnotatedColumn -- Binding column: AnnotatedDiscriminatorColumn(column='DTYPE')
12:24:26.014 [main] DEBUG org.hibernate.boot.model.internal.AnnotatedColumn -- Binding column: AnnotatedColumn(column='product_name')
12:24:26.014 [main] DEBUG org.hibernate.boot.internal.ClassLoaderAccessImpl -- Not known whether passed class name [com.pdcgame.Models.InventorySave] is safe
12:24:26.014 [main] DEBUG org.hibernate.boot.internal.ClassLoaderAccessImpl -- No temp ClassLoader provided; using live ClassLoader for loading potentially unsafe class : com.pdcgame.Models.InventorySave
12:24:26.014 [main] DEBUG org.hibernate.boot.model.internal.PropertyBinder -- MetadataSourceProcessor property productName with lazy=false
12:24:26.014 [main] DEBUG org.hibernate.boot.model.internal.AbstractPropertyHolder -- Attempting to locate auto-apply AttributeConverter for property [com.pdcgame.Models.InventorySave:productName]
12:24:26.014 [main] DEBUG org.hibernate.boot.model.internal.BasicValueBinder -- building BasicValue for productName
12:24:26.014 [main] DEBUG org.hibernate.mapping.BasicValue -- Skipping column re-registration: inventory_save.product_name
12:24:26.014 [main] DEBUG org.hibernate.boot.model.internal.PropertyBinder -- Building property productName
12:24:26.014 [main] DEBUG org.hibernate.boot.model.internal.BinderHelper -- #makeIdGenerator(BasicValue([Column(product_name)]), productName, assigned, , ...)
12:24:26.014 [main] DEBUG org.hibernate.boot.model.internal.AnnotatedColumn -- Binding column: AnnotatedColumn(column='quantity')
12:24:26.014 [main] DEBUG org.hibernate.boot.model.internal.PropertyBinder -- MetadataSourceProcessor property quantity with lazy=false
12:24:26.014 [main] DEBUG org.hibernate.boot.model.internal.AbstractPropertyHolder -- Attempting to locate auto-apply AttributeConverter for property [com.pdcgame.Models.InventorySave:quantity]
12:24:26.014 [main] DEBUG org.hibernate.boot.model.internal.BasicValueBinder -- building BasicValue for quantity
12:24:26.014 [main] DEBUG org.hibernate.mapping.BasicValue -- Skipping column re-registration: inventory_save.quantity
12:24:26.014 [main] DEBUG org.hibernate.boot.model.internal.PropertyBinder -- Building property quantity
12:24:26.015 [main] DEBUG org.hibernate.boot.model.internal.AnnotatedColumn -- Binding column: AnnotatedColumn(column='sell_price')
12:24:26.015 [main] DEBUG org.hibernate.boot.model.internal.PropertyBinder -- MetadataSourceProcessor property sellPrice with lazy=false
12:24:26.015 [main] DEBUG org.hibernate.boot.model.internal.AbstractPropertyHolder -- Attempting to locate auto-apply AttributeConverter for property [com.pdcgame.Models.InventorySave:sellPrice]
12:24:26.015 [main] DEBUG org.hibernate.boot.model.internal.BasicValueBinder -- building BasicValue for sellPrice
12:24:26.015 [main] DEBUG org.hibernate.mapping.BasicValue -- Skipping column re-registration: inventory_save.sell_price
12:24:26.015 [main] DEBUG org.hibernate.boot.model.internal.PropertyBinder -- Building property sellPrice
12:24:26.015 [main] DEBUG org.hibernate.boot.registry.classloading.internal.ClassLoaderServiceImpl -- HHH000194: Package not found or no package-info.java: com.pdcgame.Models
12:24:26.015 [main] DEBUG org.hibernate.boot.model.internal.EntityBinder -- Binding entity from annotated class: com.pdcgame.Models.BoardSave
12:24:26.015 [main] DEBUG org.hibernate.boot.model.internal.EntityBinder -- Import with entity name BoardSave
12:24:26.015 [main] DEBUG org.hibernate.boot.model.internal.EntityBinder -- Bind entity com.pdcgame.Models.BoardSave on table board_save
12:24:26.015 [main] DEBUG org.hibernate.boot.model.internal.AnnotatedColumn -- Binding column: AnnotatedDiscriminatorColumn(column='DTYPE')
12:24:26.016 [main] DEBUG org.hibernate.boot.model.internal.AnnotatedColumn -- Binding column: AnnotatedColumn()
12:24:26.016 [main] DEBUG org.hibernate.boot.internal.ClassLoaderAccessImpl -- Not known whether passed class name [com.pdcgame.Models.BoardSave] is safe
12:24:26.016 [main] DEBUG org.hibernate.boot.internal.ClassLoaderAccessImpl -- No temp ClassLoader provided; using live ClassLoader for loading potentially unsafe class : com.pdcgame.Models.BoardSave
12:24:26.016 [main] DEBUG org.hibernate.boot.model.internal.PropertyBinder -- MetadataSourceProcessor property coordinateID with lazy=false
12:24:26.016 [main] DEBUG org.hibernate.boot.model.internal.AbstractPropertyHolder -- Attempting to locate auto-apply AttributeConverter for property [com.pdcgame.Models.BoardSave:coordinateID]
12:24:26.016 [main] DEBUG org.hibernate.boot.model.internal.BasicValueBinder -- building BasicValue for coordinateID
12:24:26.016 [main] DEBUG org.hibernate.mapping.BasicValue -- Skipping column re-registration: board_save.coordinateID
12:24:26.016 [main] DEBUG org.hibernate.boot.model.internal.PropertyBinder -- Building property coordinateID
12:24:26.016 [main] DEBUG org.hibernate.boot.model.internal.BinderHelper -- #makeIdGenerator(BasicValue([Column(coordinateID)]), coordinateID, assigned, , ...)
12:24:26.016 [main] DEBUG org.hibernate.boot.model.internal.AnnotatedColumn -- Binding column: AnnotatedColumn()
12:24:26.016 [main] DEBUG org.hibernate.boot.model.internal.PropertyBinder -- MetadataSourceProcessor property boardCell with lazy=false
12:24:26.016 [main] DEBUG org.hibernate.boot.model.internal.AbstractPropertyHolder -- Attempting to locate auto-apply AttributeConverter for property [com.pdcgame.Models.BoardSave:boardCell]
12:24:26.016 [main] DEBUG org.hibernate.boot.model.internal.BasicValueBinder -- building BasicValue for boardCell
12:24:26.016 [main] DEBUG org.hibernate.mapping.BasicValue -- Skipping column re-registration: board_save.boardCell
12:24:26.016 [main] DEBUG org.hibernate.boot.model.internal.PropertyBinder -- Building property boardCell
12:24:26.016 [main] DEBUG org.hibernate.boot.registry.classloading.internal.ClassLoaderServiceImpl -- HHH000194: Package not found or no package-info.java: com.pdcgame.Models
12:24:26.017 [main] DEBUG org.hibernate.boot.model.internal.EntityBinder -- Binding entity from annotated class: com.pdcgame.Models.StorageItemSave
12:24:26.017 [main] DEBUG org.hibernate.boot.model.internal.EntityBinder -- Import with entity name StorageItemSave
12:24:26.017 [main] DEBUG org.hibernate.boot.model.internal.EntityBinder -- Bind entity com.pdcgame.Models.StorageItemSave on table storage_save
12:24:26.017 [main] DEBUG org.hibernate.boot.model.internal.AnnotatedColumn -- Binding column: AnnotatedDiscriminatorColumn(column='DTYPE')
12:24:26.018 [main] DEBUG org.hibernate.boot.model.internal.AnnotatedColumn -- Binding column: AnnotatedColumn()
12:24:26.018 [main] DEBUG org.hibernate.boot.internal.ClassLoaderAccessImpl -- Not known whether passed class name [com.pdcgame.Models.StorageItemSave] is safe
12:24:26.018 [main] DEBUG org.hibernate.boot.internal.ClassLoaderAccessImpl -- No temp ClassLoader provided; using live ClassLoader for loading potentially unsafe class : com.pdcgame.Models.StorageItemSave
12:24:26.018 [main] DEBUG org.hibernate.boot.model.internal.PropertyBinder -- MetadataSourceProcessor property id with lazy=false
12:24:26.018 [main] DEBUG org.hibernate.boot.model.internal.AbstractPropertyHolder -- Attempting to locate auto-apply AttributeConverter for property [com.pdcgame.Models.StorageItemSave:id]
12:24:26.019 [main] DEBUG org.hibernate.boot.model.internal.BasicValueBinder -- building BasicValue for id
12:24:26.019 [main] DEBUG org.hibernate.mapping.BasicValue -- Skipping column re-registration: storage_save.id
12:24:26.019 [main] DEBUG org.hibernate.boot.model.internal.PropertyBinder -- Building property id
12:24:26.020 [main] DEBUG org.hibernate.boot.model.internal.BinderHelper -- #makeIdGenerator(BasicValue([Column(id)]), id, identity, , ...)
12:24:26.020 [main] DEBUG org.hibernate.boot.model.internal.AnnotatedColumn -- Binding column: AnnotatedColumn(column='coordinate_id')
12:24:26.020 [main] DEBUG org.hibernate.boot.model.internal.PropertyBinder -- MetadataSourceProcessor property coordinateID with lazy=false
12:24:26.020 [main] DEBUG org.hibernate.boot.model.internal.AbstractPropertyHolder -- Attempting to locate auto-apply AttributeConverter for property [com.pdcgame.Models.StorageItemSave:coordinateID]
12:24:26.020 [main] DEBUG org.hibernate.boot.model.internal.BasicValueBinder -- building BasicValue for coordinateID
12:24:26.020 [main] DEBUG org.hibernate.mapping.BasicValue -- Skipping column re-registration: storage_save.coordinate_id
12:24:26.020 [main] DEBUG org.hibernate.boot.model.internal.PropertyBinder -- Building property coordinateID
12:24:26.020 [main] DEBUG org.hibernate.boot.model.internal.AnnotatedColumn -- Binding column: AnnotatedColumn(column='product_name')
12:24:26.020 [main] DEBUG org.hibernate.boot.model.internal.PropertyBinder -- MetadataSourceProcessor property productName with lazy=false
12:24:26.020 [main] DEBUG org.hibernate.boot.model.internal.AbstractPropertyHolder -- Attempting to locate auto-apply AttributeConverter for property [com.pdcgame.Models.StorageItemSave:productName]
12:24:26.020 [main] DEBUG org.hibernate.boot.model.internal.BasicValueBinder -- building BasicValue for productName
12:24:26.020 [main] DEBUG org.hibernate.mapping.BasicValue -- Skipping column re-registration: storage_save.product_name
12:24:26.020 [main] DEBUG org.hibernate.boot.model.internal.PropertyBinder -- Building property productName
12:24:26.021 [main] DEBUG org.hibernate.boot.model.internal.AnnotatedColumn -- Binding column: AnnotatedColumn(column='quantity')
12:24:26.021 [main] DEBUG org.hibernate.boot.model.internal.PropertyBinder -- MetadataSourceProcessor property quantity with lazy=false
12:24:26.021 [main] DEBUG org.hibernate.boot.model.internal.AbstractPropertyHolder -- Attempting to locate auto-apply AttributeConverter for property [com.pdcgame.Models.StorageItemSave:quantity]
12:24:26.021 [main] DEBUG org.hibernate.boot.model.internal.BasicValueBinder -- building BasicValue for quantity
12:24:26.021 [main] DEBUG org.hibernate.mapping.BasicValue -- Skipping column re-registration: storage_save.quantity
12:24:26.021 [main] DEBUG org.hibernate.boot.model.internal.PropertyBinder -- Building property quantity
12:24:26.021 [main] DEBUG org.hibernate.boot.registry.classloading.internal.ClassLoaderServiceImpl -- HHH000194: Package not found or no package-info.java: com.pdcgame.Models
12:24:26.022 [main] DEBUG org.hibernate.boot.model.internal.BasicValueBinder -- Starting `BasicValueBinder#fillSimpleValue` for id
12:24:26.022 [main] DEBUG org.hibernate.boot.model.internal.BasicValueBinder -- Starting `BasicValueBinder#fillSimpleValue` for actions
12:24:26.022 [main] DEBUG org.hibernate.boot.model.internal.BasicValueBinder -- Starting `BasicValueBinder#fillSimpleValue` for balance
12:24:26.022 [main] DEBUG org.hibernate.boot.model.internal.BasicValueBinder -- Starting `BasicValueBinder#fillSimpleValue` for day
12:24:26.022 [main] DEBUG org.hibernate.boot.model.internal.BasicValueBinder -- Starting `BasicValueBinder#fillSimpleValue` for difficulty
12:24:26.023 [main] DEBUG org.hibernate.boot.model.internal.BasicValueBinder -- Starting `BasicValueBinder#fillSimpleValue` for gameSeed
12:24:26.023 [main] DEBUG org.hibernate.boot.model.internal.BasicValueBinder -- Starting `BasicValueBinder#fillSimpleValue` for rating
12:24:26.023 [main] DEBUG org.hibernate.boot.model.internal.BasicValueBinder -- Starting `BasicValueBinder#fillSimpleValue` for totalActions
12:24:26.023 [main] DEBUG org.hibernate.boot.model.internal.BasicValueBinder -- Starting `BasicValueBinder#fillSimpleValue` for productName
12:24:26.023 [main] DEBUG org.hibernate.boot.model.internal.BasicValueBinder -- Starting `BasicValueBinder#fillSimpleValue` for quantity
12:24:26.023 [main] DEBUG org.hibernate.boot.model.internal.BasicValueBinder -- Starting `BasicValueBinder#fillSimpleValue` for sellPrice
12:24:26.023 [main] DEBUG org.hibernate.boot.model.internal.BasicValueBinder -- Starting `BasicValueBinder#fillSimpleValue` for coordinateID
12:24:26.023 [main] DEBUG org.hibernate.boot.model.internal.BasicValueBinder -- Starting `BasicValueBinder#fillSimpleValue` for boardCell
12:24:26.023 [main] DEBUG org.hibernate.boot.model.internal.BasicValueBinder -- Starting `BasicValueBinder#fillSimpleValue` for id
12:24:26.023 [main] DEBUG org.hibernate.boot.model.internal.BasicValueBinder -- Starting `BasicValueBinder#fillSimpleValue` for coordinateID
12:24:26.023 [main] DEBUG org.hibernate.boot.model.internal.BasicValueBinder -- Starting `BasicValueBinder#fillSimpleValue` for productName
12:24:26.023 [main] DEBUG org.hibernate.boot.model.internal.BasicValueBinder -- Starting `BasicValueBinder#fillSimpleValue` for quantity
12:24:26.025 [main] DEBUG org.hibernate.mapping.PrimaryKey -- Forcing column [id] to be non-null as it is part of the primary key for table [game_save]
12:24:26.025 [main] DEBUG org.hibernate.mapping.PrimaryKey -- Forcing column [product_name] to be non-null as it is part of the primary key for table [inventory_save]
12:24:26.025 [main] DEBUG org.hibernate.mapping.PrimaryKey -- Forcing column [coordinateid] to be non-null as it is part of the primary key for table [board_save]
12:24:26.025 [main] DEBUG org.hibernate.mapping.PrimaryKey -- Forcing column [id] to be non-null as it is part of the primary key for table [storage_save]
12:24:26.136 [main] DEBUG org.hibernate.internal.SessionFactoryImpl -- Building session factory
12:24:26.158 [main] DEBUG org.hibernate.service.internal.SessionFactoryServiceRegistryImpl -- EventListenerRegistry access via ServiceRegistry is deprecated.  Use `sessionFactory.getEventEngine().getListenerRegistry()` instead
12:24:26.158 [main] DEBUG org.hibernate.internal.SessionFactoryImpl -- Instantiating SessionFactory with settings: {hibernate.format_sql=false, java.specification.version=21, sun.cpu.isalist=amd64, sun.jnu.encoding=Cp1252, hibernate.dialect=org.hibernate.dialect.DerbyDialect, java.class.path=C:\Users\prish\Documents\SupermarketSimulatorGUI\SupermarketSimulatorGUI\target\test-classes;C:\Users\prish\Documents\SupermarketSimulatorGUI\SupermarketSimulatorGUI\target\classes;C:\Users\prish\.m2\repository\org\hibernate\orm\hibernate-core\6.5.0.Final\hibernate-core-6.5.0.Final.jar;C:\Users\prish\.m2\repository\jakarta\persistence\jakarta.persistence-api\3.1.0\jakarta.persistence-api-3.1.0.jar;C:\Users\prish\.m2\repository\jakarta\transaction\jakarta.transaction-api\2.0.1\jakarta.transaction-api-2.0.1.jar;C:\Users\prish\.m2\repository\org\jboss\logging\jboss-logging\3.5.0.Final\jboss-logging-3.5.0.Final.jar;C:\Users\prish\.m2\repository\org\hibernate\common\hibernate-commons-annotations\6.0.6.Final\hibernate-commons-annotations-6.0.6.Final.jar;C:\Users\prish\.m2\repository\io\smallrye\jandex\3.1.2\jandex-3.1.2.jar;C:\Users\prish\.m2\repository\com\fasterxml\classmate\1.5.1\classmate-1.5.1.jar;C:\Users\prish\.m2\repository\net\bytebuddy\byte-buddy\1.14.12\byte-buddy-1.14.12.jar;C:\Users\prish\.m2\repository\jakarta\xml\bind\jakarta.xml.bind-api\4.0.0\jakarta.xml.bind-api-4.0.0.jar;C:\Users\prish\.m2\repository\jakarta\activation\jakarta.activation-api\2.1.0\jakarta.activation-api-2.1.0.jar;C:\Users\prish\.m2\repository\org\glassfish\jaxb\jaxb-runtime\4.0.2\jaxb-runtime-4.0.2.jar;C:\Users\prish\.m2\repository\org\glassfish\jaxb\jaxb-core\4.0.2\jaxb-core-4.0.2.jar;C:\Users\prish\.m2\repository\org\eclipse\angus\angus-activation\2.0.0\angus-activation-2.0.0.jar;C:\Users\prish\.m2\repository\org\glassfish\jaxb\txw2\4.0.2\txw2-4.0.2.jar;C:\Users\prish\.m2\repository\com\sun\istack\istack-commons-runtime\4.1.1\istack-commons-runtime-4.1.1.jar;C:\Users\prish\.m2\repository\jakarta\inject\jakarta.inject-api\2.0.1\jakarta.inject-api-2.0.1.jar;C:\Users\prish\.m2\repository\org\antlr\antlr4-runtime\4.13.0\antlr4-runtime-4.13.0.jar;C:\Users\prish\.m2\repository\org\apache\derby\derby\10.17.1.0\derby-10.17.1.0.jar;C:\Users\prish\.m2\repository\org\apache\derby\derbyshared\10.17.1.0\derbyshared-10.17.1.0.jar;C:\Users\prish\.m2\repository\org\apache\derby\derbyclient\10.17.1.0\derbyclient-10.17.1.0.jar;C:\Users\prish\.m2\repository\org\apache\derby\derbytools\10.17.1.0\derbytools-10.17.1.0.jar;C:\Users\prish\.m2\repository\org\slf4j\slf4j-api\2.0.13\slf4j-api-2.0.13.jar;C:\Users\prish\.m2\repository\ch\qos\logback\logback-classic\1.5.6\logback-classic-1.5.6.jar;C:\Users\prish\.m2\repository\ch\qos\logback\logback-core\1.5.6\logback-core-1.5.6.jar;C:\Users\prish\.m2\repository\junit\junit\4.13.2\junit-4.13.2.jar;C:\Users\prish\.m2\repository\org\hamcrest\hamcrest-core\1.3\hamcrest-core-1.3.jar;, sun.awt.enableExtraMouseButtons=true, java.vm.vendor=Oracle Corporation, sun.arch.data.model=64, user.variant=, java.vendor.url=https://java.oracle.com/, user.timezone=Pacific/Auckland, java.vm.specification.version=21, os.name=Windows 11, sun.java.launcher=SUN_STANDARD, user.country=AU, sun.boot.library.path=C:\Program Files\Java\jdk-21\bin, sun.java.command=C:\Users\prish\AppData\Local\Temp\surefire2178601601331851571\surefirebooter-20250616122424464_3.jar C:\Users\prish\AppData\Local\Temp\surefire2178601601331851571 2025-06-16T12-24-24_321-jvmRun1 surefire-20250616122424464_1tmp surefire_0-20250616122424464_2tmp, jdk.debug=release, surefire.test.class.path=C:\Users\prish\Documents\SupermarketSimulatorGUI\SupermarketSimulatorGUI\target\test-classes;C:\Users\prish\Documents\SupermarketSimulatorGUI\SupermarketSimulatorGUI\target\classes;C:\Users\prish\.m2\repository\org\hibernate\orm\hibernate-core\6.5.0.Final\hibernate-core-6.5.0.Final.jar;C:\Users\prish\.m2\repository\jakarta\persistence\jakarta.persistence-api\3.1.0\jakarta.persistence-api-3.1.0.jar;C:\Users\prish\.m2\repository\jakarta\transaction\jakarta.transaction-api\2.0.1\jakarta.transaction-api-2.0.1.jar;C:\Users\prish\.m2\repository\org\jboss\logging\jboss-logging\3.5.0.Final\jboss-logging-3.5.0.Final.jar;C:\Users\prish\.m2\repository\org\hibernate\common\hibernate-commons-annotations\6.0.6.Final\hibernate-commons-annotations-6.0.6.Final.jar;C:\Users\prish\.m2\repository\io\smallrye\jandex\3.1.2\jandex-3.1.2.jar;C:\Users\prish\.m2\repository\com\fasterxml\classmate\1.5.1\classmate-1.5.1.jar;C:\Users\prish\.m2\repository\net\bytebuddy\byte-buddy\1.14.12\byte-buddy-1.14.12.jar;C:\Users\prish\.m2\repository\jakarta\xml\bind\jakarta.xml.bind-api\4.0.0\jakarta.xml.bind-api-4.0.0.jar;C:\Users\prish\.m2\repository\jakarta\activation\jakarta.activation-api\2.1.0\jakarta.activation-api-2.1.0.jar;C:\Users\prish\.m2\repository\org\glassfish\jaxb\jaxb-runtime\4.0.2\jaxb-runtime-4.0.2.jar;C:\Users\prish\.m2\repository\org\glassfish\jaxb\jaxb-core\4.0.2\jaxb-core-4.0.2.jar;C:\Users\prish\.m2\repository\org\eclipse\angus\angus-activation\2.0.0\angus-activation-2.0.0.jar;C:\Users\prish\.m2\repository\org\glassfish\jaxb\txw2\4.0.2\txw2-4.0.2.jar;C:\Users\prish\.m2\repository\com\sun\istack\istack-commons-runtime\4.1.1\istack-commons-runtime-4.1.1.jar;C:\Users\prish\.m2\repository\jakarta\inject\jakarta.inject-api\2.0.1\jakarta.inject-api-2.0.1.jar;C:\Users\prish\.m2\repository\org\antlr\antlr4-runtime\4.13.0\antlr4-runtime-4.13.0.jar;C:\Users\prish\.m2\repository\org\apache\derby\derby\10.17.1.0\derby-10.17.1.0.jar;C:\Users\prish\.m2\repository\org\apache\derby\derbyshared\10.17.1.0\derbyshared-10.17.1.0.jar;C:\Users\prish\.m2\repository\org\apache\derby\derbyclient\10.17.1.0\derbyclient-10.17.1.0.jar;C:\Users\prish\.m2\repository\org\apache\derby\derbytools\10.17.1.0\derbytools-10.17.1.0.jar;C:\Users\prish\.m2\repository\org\slf4j\slf4j-api\2.0.13\slf4j-api-2.0.13.jar;C:\Users\prish\.m2\repository\ch\qos\logback\logback-classic\1.5.6\logback-classic-1.5.6.jar;C:\Users\prish\.m2\repository\ch\qos\logback\logback-core\1.5.6\logback-core-1.5.6.jar;C:\Users\prish\.m2\repository\junit\junit\4.13.2\junit-4.13.2.jar;C:\Users\prish\.m2\repository\org\hamcrest\hamcrest-core\1.3\hamcrest-core-1.3.jar;, sun.cpu.endian=little, user.home=C:\Users\prish, user.language=en, java.specification.vendor=Oracle Corporation, java.version.date=2024-10-15, java.home=C:\Program Files\Java\jdk-21, file.separator=\, basedir=C:\Users\prish\Documents\SupermarketSimulatorGUI\SupermarketSimulatorGUI, java.vm.compressedOopsMode=Zero based, line.separator=
, java.vm.specification.vendor=Oracle Corporation, java.specification.name=Java Platform API Specification, surefire.real.class.path=C:\Users\prish\AppData\Local\Temp\surefire2178601601331851571\surefirebooter-20250616122424464_3.jar, hibernate.hbm2ddl.auto=update, user.script=, sun.management.compiler=HotSpot 64-Bit Tiered Compilers, java.runtime.version=21.0.5+9-LTS-239, user.name=prish, stdout.encoding=Cp1252, path.separator=;, hibernate.connection.username=****, os.version=10.0, java.runtime.name=Java(TM) SE Runtime Environment, hibernate.connection.url=jdbc:derby:database/SupermarketDB;create=true, file.encoding=UTF-8, java.vm.name=Java HotSpot(TM) 64-Bit Server VM, hibernate.show_sql=false, maven.ext.class.path=C:\Program Files\NetBeans-23\netbeans\java\maven-nblib\netbeans-eventspy.jar, localRepository=C:\Users\prish\.m2\repository, hibernate.connection.driver_class=org.apache.derby.jdbc.EmbeddedDriver, java.vendor.url.bug=https://bugreport.java.com/bugreport/, java.io.tmpdir=C:\Users\prish\AppData\Local\Temp\, java.version=21.0.5, user.dir=C:\Users\prish\Documents\SupermarketSimulatorGUI\SupermarketSimulatorGUI, os.arch=amd64, java.vm.specification.name=Java Virtual Machine Specification, hibernate.connection.password=****, sun.os.patch.level=, hibernate.boot.CfgXmlAccessService.key=org.hibernate.boot.cfgxml.spi.LoadedConfig@644d1b61, native.encoding=Cp1252, java.library.path=C:\Program Files\Java\jdk-21\bin;C:\WINDOWS\Sun\Java\bin;C:\WINDOWS\system32;C:\WINDOWS;C:\Program Files\Common Files\Oracle\Java\javapath;C:\WINDOWS\system32;C:\WINDOWS;C:\WINDOWS\System32\Wbem;C:\WINDOWS\System32\WindowsPowerShell\v1.0\;C:\WINDOWS\System32\OpenSSH\;C:\Program Files (x86)\NVIDIA Corporation\PhysX\Common;C:\Program Files\NVIDIA Corporation\NVIDIA app\NvDLISR;C:\Program Files\Git\cmd;C:\Users\prish\AppData\Local\Microsoft\WindowsApps;C:\Users\prish\AppData\Local\Programs\Microsoft VS Code\bin;C:\Users\prish\AppData\Local\JetBrains\Toolbox\scripts;C:\Users\prish\AppData\Local\GitHubDesktop\bin;., stderr.encoding=Cp1252, java.vendor=Oracle Corporation, java.vm.info=mixed mode, sharing, java.vm.version=21.0.5+9-LTS-239, sun.io.unicode.encoding=UnicodeLittle, java.class.version=65.0}
12:24:26.160 [main] DEBUG org.hibernate.internal.SessionFactoryImpl -- Session factory constructed with filter configurations : {}
12:24:26.183 [main] DEBUG org.hibernate.query.sqm.function.SqmFunctionRegistry -- Registered SqmFunctionTemplate [NamedSqmFunctionTemplate(max)] under max; prior registration was null
12:24:26.183 [main] DEBUG org.hibernate.query.sqm.function.SqmFunctionRegistry -- Registered SqmFunctionTemplate [NamedSqmFunctionTemplate(min)] under min; prior registration was null
12:24:26.183 [main] DEBUG org.hibernate.query.sqm.function.SqmFunctionRegistry -- Registered SqmFunctionTemplate [NamedSqmFunctionTemplate(sum)] under sum; prior registration was null
12:24:26.184 [main] DEBUG org.hibernate.query.sqm.function.SqmFunctionRegistry -- Registered SqmFunctionTemplate [NamedSqmFunctionTemplate(avg)] under avg; prior registration was null
12:24:26.184 [main] DEBUG org.hibernate.query.sqm.function.SqmFunctionRegistry -- Registered SqmFunctionTemplate [org.hibernate.dialect.function.CountFunction@402f8592] under count; prior registration was null
12:24:26.186 [main] DEBUG org.hibernate.query.sqm.function.SqmFunctionRegistry -- Registered SqmFunctionTemplate [org.hibernate.dialect.function.EveryAnyEmulation@3dbd7107] under every; prior registration was null
12:24:26.187 [main] DEBUG org.hibernate.query.sqm.function.SqmFunctionRegistry -- Registered SqmFunctionTemplate [org.hibernate.dialect.function.EveryAnyEmulation@4a6c0f38] under any; prior registration was null
12:24:26.187 [main] DEBUG org.hibernate.query.sqm.function.SqmFunctionRegistry -- Registered SqmFunctionTemplate [NamedSqmFunctionTemplate(floor)] under floor; prior registration was null
12:24:26.187 [main] DEBUG org.hibernate.query.sqm.function.SqmFunctionRegistry -- Registered SqmFunctionTemplate [NamedSqmFunctionTemplate(ceiling)] under ceiling; prior registration was null
12:24:26.187 [main] DEBUG org.hibernate.query.sqm.function.SqmFunctionRegistry -- Registered SqmFunctionTemplate [NamedSqmFunctionTemplate(mod)] under mod; prior registration was null
12:24:26.187 [main] DEBUG org.hibernate.query.sqm.function.SqmFunctionRegistry -- Registered SqmFunctionTemplate [NamedSqmFunctionTemplate(abs)] under abs; prior registration was null
12:24:26.187 [main] DEBUG org.hibernate.query.sqm.function.SqmFunctionRegistry -- Registered SqmFunctionTemplate [NamedSqmFunctionTemplate(sign)] under sign; prior registration was null
12:24:26.187 [main] DEBUG org.hibernate.query.sqm.function.SqmFunctionRegistry -- Registered SqmFunctionTemplate [NamedSqmFunctionTemplate(sqrt)] under sqrt; prior registration was null
12:24:26.187 [main] DEBUG org.hibernate.query.sqm.function.SqmFunctionRegistry -- Registered SqmFunctionTemplate [NamedSqmFunctionTemplate(ln)] under ln; prior registration was null
12:24:26.187 [main] DEBUG org.hibernate.query.sqm.function.SqmFunctionRegistry -- Registered SqmFunctionTemplate [NamedSqmFunctionTemplate(exp)] under exp; prior registration was null
12:24:26.187 [main] DEBUG org.hibernate.query.sqm.function.SqmFunctionRegistry -- Registered SqmFunctionTemplate [NamedSqmFunctionTemplate(power)] under power; prior registration was null
12:24:26.187 [main] DEBUG org.hibernate.query.sqm.function.SqmFunctionRegistry -- Registered SqmFunctionTemplate [NamedSqmFunctionTemplate(round)] under round; prior registration was null
12:24:26.187 [main] DEBUG org.hibernate.query.sqm.function.SqmFunctionRegistry -- Registered SqmFunctionTemplate [NamedSqmFunctionTemplate(sin)] under sin; prior registration was null
12:24:26.187 [main] DEBUG org.hibernate.query.sqm.function.SqmFunctionRegistry -- Registered SqmFunctionTemplate [NamedSqmFunctionTemplate(cos)] under cos; prior registration was null
12:24:26.187 [main] DEBUG org.hibernate.query.sqm.function.SqmFunctionRegistry -- Registered SqmFunctionTemplate [NamedSqmFunctionTemplate(tan)] under tan; prior registration was null
12:24:26.187 [main] DEBUG org.hibernate.query.sqm.function.SqmFunctionRegistry -- Registered SqmFunctionTemplate [NamedSqmFunctionTemplate(asin)] under asin; prior registration was null
12:24:26.187 [main] DEBUG org.hibernate.query.sqm.function.SqmFunctionRegistry -- Registered SqmFunctionTemplate [NamedSqmFunctionTemplate(acos)] under acos; prior registration was null
12:24:26.187 [main] DEBUG org.hibernate.query.sqm.function.SqmFunctionRegistry -- Registered SqmFunctionTemplate [NamedSqmFunctionTemplate(atan)] under atan; prior registration was null
12:24:26.187 [main] DEBUG org.hibernate.query.sqm.function.SqmFunctionRegistry -- Registered SqmFunctionTemplate [NamedSqmFunctionTemplate(atan2)] under atan2; prior registration was null
12:24:26.188 [main] DEBUG org.hibernate.query.sqm.function.SqmFunctionRegistry -- Registered SqmFunctionTemplate [org.hibernate.query.sqm.function.PatternBasedSqmFunctionDescriptor@5df6163a] under sinh; prior registration was null
12:24:26.188 [main] DEBUG org.hibernate.query.sqm.function.SqmFunctionRegistry -- Registered SqmFunctionTemplate [org.hibernate.query.sqm.function.PatternBasedSqmFunctionDescriptor@2d313c8c] under cosh; prior registration was null
12:24:26.188 [main] DEBUG org.hibernate.query.sqm.function.SqmFunctionRegistry -- Registered SqmFunctionTemplate [org.hibernate.query.sqm.function.PatternBasedSqmFunctionDescriptor@2df65a56] under tanh; prior registration was null
12:24:26.188 [main] DEBUG org.hibernate.query.sqm.function.SqmFunctionRegistry -- Registered SqmFunctionTemplate [org.hibernate.query.sqm.function.PatternBasedSqmFunctionDescriptor@113f9078] under pi; prior registration was null
12:24:26.189 [main] DEBUG org.hibernate.query.sqm.function.SqmFunctionRegistry -- Registered SqmFunctionTemplate [org.hibernate.query.sqm.function.PatternBasedSqmFunctionDescriptor@7c1503a3] under log; prior registration was null
12:24:26.189 [main] DEBUG org.hibernate.query.sqm.function.SqmFunctionRegistry -- Registered SqmFunctionTemplate [NamedSqmFunctionTemplate(coalesce)] under coalesce; prior registration was null
12:24:26.189 [main] DEBUG org.hibernate.query.sqm.function.SqmFunctionRegistry -- Registered SqmFunctionTemplate [NamedSqmFunctionTemplate(nullif)] under nullif; prior registration was null
12:24:26.189 [main] DEBUG org.hibernate.query.sqm.function.SqmFunctionRegistry -- Registered SqmFunctionTemplate [NamedSqmFunctionTemplate(left)] under left; prior registration was null
12:24:26.189 [main] DEBUG org.hibernate.query.sqm.function.SqmFunctionRegistry -- Registered SqmFunctionTemplate [NamedSqmFunctionTemplate(right)] under right; prior registration was null
12:24:26.189 [main] DEBUG org.hibernate.query.sqm.function.SqmFunctionRegistry -- Registered SqmFunctionTemplate [NamedSqmFunctionTemplate(replace)] under replace; prior registration was null
12:24:26.189 [main] DEBUG org.hibernate.query.sqm.function.SqmFunctionRegistry -- Registered SqmFunctionTemplate [NamedSqmFunctionTemplate(concat)] under concat; prior registration was null
12:24:26.189 [main] DEBUG org.hibernate.query.sqm.function.SqmFunctionRegistry -- Registered SqmFunctionTemplate [NamedSqmFunctionTemplate(lower)] under lower; prior registration was null
12:24:26.189 [main] DEBUG org.hibernate.query.sqm.function.SqmFunctionRegistry -- Registered SqmFunctionTemplate [NamedSqmFunctionTemplate(upper)] under upper; prior registration was null
12:24:26.189 [main] DEBUG org.hibernate.query.sqm.function.SqmFunctionRegistry -- Registered SqmFunctionTemplate [NamedSqmFunctionTemplate(substring)] under substring; prior registration was null
12:24:26.189 [main] DEBUG org.hibernate.query.sqm.function.SqmFunctionRegistry -- Registered SqmFunctionTemplate [NamedSqmFunctionTemplate(locate)] under locate; prior registration was null
12:24:26.189 [main] DEBUG org.hibernate.query.sqm.function.SqmFunctionRegistry -- Registered SqmFunctionTemplate [NamedSqmFunctionTemplate(character_length)] under character_length; prior registration was null
12:24:26.189 [main] DEBUG org.hibernate.query.sqm.function.SqmFunctionRegistry -- Registering alternate key : length -> character_length
12:24:26.190 [main] DEBUG org.hibernate.query.sqm.function.SqmFunctionRegistry -- Registered SqmFunctionTemplate [org.hibernate.dialect.function.LocatePositionEmulation@36ad229b] under position; prior registration was null
12:24:26.190 [main] DEBUG org.hibernate.query.sqm.function.SqmFunctionRegistry -- Registered SqmFunctionTemplate [org.hibernate.dialect.function.InsertSubstringOverlayEmulation@50211483] under overlay; prior registration was null
12:24:26.191 [main] DEBUG org.hibernate.query.sqm.function.SqmFunctionRegistry -- Registered SqmFunctionTemplate [org.hibernate.dialect.function.TrimFunction@6de004f1] under trim; prior registration was null
12:24:26.191 [main] DEBUG org.hibernate.query.sqm.function.SqmFunctionRegistry -- Registered SqmFunctionTemplate [org.hibernate.dialect.function.CastFunction@12fcb2c3] under cast; prior registration was null
12:24:26.191 [main] DEBUG org.hibernate.query.sqm.function.SqmFunctionRegistry -- Registered SqmFunctionTemplate [org.hibernate.query.sqm.function.PatternBasedSqmFunctionDescriptor@57bd6a8f] under collate; prior registration was null
12:24:26.191 [main] DEBUG org.hibernate.query.sqm.function.SqmFunctionRegistry -- Registered SqmFunctionTemplate [org.hibernate.dialect.function.ExtractFunction@4b195203] under extract; prior registration was null
12:24:26.191 [main] DEBUG org.hibernate.query.sqm.function.SqmFunctionRegistry -- Registered SqmFunctionTemplate [NamedSqmFunctionTemplate(least)] under least; prior registration was null
12:24:26.191 [main] DEBUG org.hibernate.query.sqm.function.SqmFunctionRegistry -- Registered SqmFunctionTemplate [NamedSqmFunctionTemplate(greatest)] under greatest; prior registration was null
12:24:26.192 [main] DEBUG org.hibernate.query.sqm.function.SqmFunctionRegistry -- Registered SqmFunctionTemplate [org.hibernate.dialect.function.CoalesceIfnullEmulation@30a9e3db] under ifnull; prior registration was null
12:24:26.192 [main] DEBUG org.hibernate.query.sqm.function.SqmFunctionRegistry -- Registered SqmFunctionTemplate [NamedSqmFunctionTemplate(lpad)] under lpad; prior registration was null
12:24:26.192 [main] DEBUG org.hibernate.query.sqm.function.SqmFunctionRegistry -- Registered SqmFunctionTemplate [NamedSqmFunctionTemplate(rpad)] under rpad; prior registration was null
12:24:26.192 [main] DEBUG org.hibernate.query.sqm.function.SqmFunctionRegistry -- Registered SqmFunctionTemplate [org.hibernate.dialect.function.LpadRpadPadEmulation@696b52bc] under pad; prior registration was null
12:24:26.192 [main] DEBUG org.hibernate.query.sqm.function.SqmFunctionRegistry -- Registered SqmFunctionTemplate [org.hibernate.dialect.function.CastStrEmulation@740a0d5e] under str; prior registration was null
12:24:26.193 [main] DEBUG org.hibernate.query.sqm.function.SqmFunctionRegistry -- Registered SqmFunctionTemplate [org.hibernate.dialect.function.FormatFunction@78c262ba] under format; prior registration was null
12:24:26.193 [main] DEBUG org.hibernate.query.sqm.function.SqmFunctionRegistry -- Registered SqmFunctionTemplate [org.hibernate.dialect.function.TimestampaddFunction@64021427] under timestampadd; prior registration was null
12:24:26.193 [main] DEBUG org.hibernate.query.sqm.function.SqmFunctionRegistry -- Registered SqmFunctionTemplate [org.hibernate.dialect.function.TimestampdiffFunction@6d0290d8] under timestampdiff; prior registration was null
12:24:26.193 [main] DEBUG org.hibernate.query.sqm.function.SqmFunctionRegistry -- Registering alternate key : dateadd -> timestampadd
12:24:26.193 [main] DEBUG org.hibernate.query.sqm.function.SqmFunctionRegistry -- Registering alternate key : datediff -> timestampdiff
12:24:26.194 [main] DEBUG org.hibernate.query.sqm.function.SqmFunctionRegistry -- Registered SqmFunctionTemplate [org.hibernate.dialect.function.CurrentFunction@339f3a55] under current_date; prior registration was null
12:24:26.194 [main] DEBUG org.hibernate.query.sqm.function.SqmFunctionRegistry -- Registered SqmFunctionTemplate [org.hibernate.dialect.function.CurrentFunction@2dd63e3] under current_time; prior registration was null
12:24:26.194 [main] DEBUG org.hibernate.query.sqm.function.SqmFunctionRegistry -- Registered SqmFunctionTemplate [org.hibernate.dialect.function.CurrentFunction@7d1c164a] under current_timestamp; prior registration was null
12:24:26.194 [main] DEBUG org.hibernate.query.sqm.function.SqmFunctionRegistry -- Registering alternate key : current date -> current_date
12:24:26.194 [main] DEBUG org.hibernate.query.sqm.function.SqmFunctionRegistry -- Registering alternate key : current time -> current_time
12:24:26.194 [main] DEBUG org.hibernate.query.sqm.function.SqmFunctionRegistry -- Registering alternate key : current timestamp -> current_timestamp
12:24:26.194 [main] DEBUG org.hibernate.query.sqm.function.SqmFunctionRegistry -- Registered SqmFunctionTemplate [org.hibernate.dialect.function.CurrentFunction@209f3887] under local_date; prior registration was null
12:24:26.194 [main] DEBUG org.hibernate.query.sqm.function.SqmFunctionRegistry -- Registered SqmFunctionTemplate [org.hibernate.dialect.function.CurrentFunction@6a98f353] under local_time; prior registration was null
12:24:26.194 [main] DEBUG org.hibernate.query.sqm.function.SqmFunctionRegistry -- Registered SqmFunctionTemplate [org.hibernate.dialect.function.CurrentFunction@3b35798] under local_datetime; prior registration was null
12:24:26.194 [main] DEBUG org.hibernate.query.sqm.function.SqmFunctionRegistry -- Registered SqmFunctionTemplate [org.hibernate.dialect.function.CurrentFunction@1e00bfe2] under offset_datetime; prior registration was null
12:24:26.194 [main] DEBUG org.hibernate.query.sqm.function.SqmFunctionRegistry -- Registering alternate key : local date -> local_date
12:24:26.194 [main] DEBUG org.hibernate.query.sqm.function.SqmFunctionRegistry -- Registering alternate key : local time -> local_time
12:24:26.194 [main] DEBUG org.hibernate.query.sqm.function.SqmFunctionRegistry -- Registering alternate key : local datetime -> local_datetime
12:24:26.194 [main] DEBUG org.hibernate.query.sqm.function.SqmFunctionRegistry -- Registering alternate key : offset datetime -> offset_datetime
12:24:26.194 [main] DEBUG org.hibernate.query.sqm.function.SqmFunctionRegistry -- Registered SqmFunctionTemplate [org.hibernate.dialect.function.CurrentFunction@4702e7a5] under instant; prior registration was null
12:24:26.194 [main] DEBUG org.hibernate.query.sqm.function.SqmFunctionRegistry -- Registering alternate key : current_instant -> instant
12:24:26.194 [main] DEBUG org.hibernate.query.sqm.function.SqmFunctionRegistry -- Registered SqmFunctionTemplate [org.hibernate.dialect.function.SqlFunction@3830b06c] under sql; prior registration was null
12:24:26.194 [main] DEBUG org.hibernate.query.sqm.function.SqmFunctionRegistry -- Registered SqmFunctionTemplate [NamedSqmFunctionTemplate(max)] under max; prior registration was NamedSqmFunctionTemplate(max)
12:24:26.194 [main] DEBUG org.hibernate.query.sqm.function.SqmFunctionRegistry -- Registered SqmFunctionTemplate [NamedSqmFunctionTemplate(min)] under min; prior registration was NamedSqmFunctionTemplate(min)
12:24:26.194 [main] DEBUG org.hibernate.query.sqm.function.SqmFunctionRegistry -- Registered SqmFunctionTemplate [NamedSqmFunctionTemplate(sum)] under sum; prior registration was NamedSqmFunctionTemplate(sum)
12:24:26.194 [main] DEBUG org.hibernate.query.sqm.function.SqmFunctionRegistry -- Registered SqmFunctionTemplate [NamedSqmFunctionTemplate(avg)] under avg; prior registration was NamedSqmFunctionTemplate(avg)
12:24:26.194 [main] DEBUG org.hibernate.query.sqm.function.SqmFunctionRegistry -- Registered SqmFunctionTemplate [org.hibernate.dialect.function.CountFunction@3e28d779] under count; prior registration was org.hibernate.dialect.function.CountFunction@402f8592
12:24:26.194 [main] DEBUG org.hibernate.query.sqm.function.SqmFunctionRegistry -- Registered SqmFunctionTemplate [org.hibernate.dialect.function.CountFunction@15214920] under count; prior registration was org.hibernate.dialect.function.CountFunction@3e28d779
[...]
12:24:27.089 [main] DEBUG org.hibernate.orm.sql.exec -- Skipping reading Query result cache data: cache-enabled = false, cache-mode = IGNORE
12:24:27.089 [main] DEBUG org.hibernate.orm.results -- Initializer list:
	  com.pdcgame.Models.InventorySave -> EntityResultInitializer(com.pdcgame.Models.InventorySave)@1084772008 (SingleTableEntityPersister(com.pdcgame.Models.InventorySave))

12:24:27.089 [main] DEBUG org.hibernate.SQL -- select is1_0.product_name,is1_0.quantity,is1_0.sell_price from inventory_save is1_0 where is1_0.product_name=?
12:24:27.089 [main] DEBUG org.hibernate.orm.results.loading.entity -- (EntityResultInitializer) Hydrated EntityKey (com.pdcgame.Models.InventorySave): Emmental Cheese
12:24:27.089 [main] DEBUG org.hibernate.orm.results.loading.entity -- (EntityResultInitializer) Created new entity instance [com.pdcgame.Models.InventorySave#Emmental Cheese] : 1705173326
12:24:27.089 [main] DEBUG org.hibernate.orm.results -- Extracted JDBC value [1] - [0]
12:24:27.089 [main] DEBUG org.hibernate.orm.results -- Extracted JDBC value [2] - [14.64]
12:24:27.089 [main] DEBUG org.hibernate.orm.results.loading.entity -- (EntityResultInitializer) Done materializing entityInstance : com.pdcgame.Models.InventorySave#Emmental Cheese
12:24:27.089 [main] DEBUG org.hibernate.orm.results.loading -- Calling top-level assembler (0 / 1) : org.hibernate.sql.results.graph.entity.internal.EntityAssembler@5e9f1a4c
12:24:27.089 [main] DEBUG org.hibernate.orm.sql.exec -- Skipping reading Query result cache data: cache-enabled = false, cache-mode = IGNORE
12:24:27.089 [main] DEBUG org.hibernate.orm.results -- Initializer list:
	  com.pdcgame.Models.InventorySave -> EntityResultInitializer(com.pdcgame.Models.InventorySave)@1274584381 (SingleTableEntityPersister(com.pdcgame.Models.InventorySave))

12:24:27.089 [main] DEBUG org.hibernate.SQL -- select is1_0.product_name,is1_0.quantity,is1_0.sell_price from inventory_save is1_0 where is1_0.product_name=?
12:24:27.089 [main] DEBUG org.hibernate.orm.results.loading.entity -- (EntityResultInitializer) Hydrated EntityKey (com.pdcgame.Models.InventorySave): Cola Bottle
12:24:27.089 [main] DEBUG org.hibernate.orm.results.loading.entity -- (EntityResultInitializer) Created new entity instance [com.pdcgame.Models.InventorySave#Cola Bottle] : 508881152
12:24:27.089 [main] DEBUG org.hibernate.orm.results -- Extracted JDBC value [1] - [0]
12:24:27.089 [main] DEBUG org.hibernate.orm.results -- Extracted JDBC value [2] - [3.6]
12:24:27.089 [main] DEBUG org.hibernate.orm.results.loading.entity -- (EntityResultInitializer) Done materializing entityInstance : com.pdcgame.Models.InventorySave#Cola Bottle
12:24:27.089 [main] DEBUG org.hibernate.orm.results.loading -- Calling top-level assembler (0 / 1) : org.hibernate.sql.results.graph.entity.internal.EntityAssembler@7c8689e
12:24:27.090 [main] DEBUG org.hibernate.orm.sql.exec -- Skipping reading Query result cache data: cache-enabled = false, cache-mode = IGNORE
12:24:27.090 [main] DEBUG org.hibernate.orm.results -- Initializer list:
	  com.pdcgame.Models.InventorySave -> EntityResultInitializer(com.pdcgame.Models.InventorySave)@1034296050 (SingleTableEntityPersister(com.pdcgame.Models.InventorySave))

12:24:27.090 [main] DEBUG org.hibernate.SQL -- select is1_0.product_name,is1_0.quantity,is1_0.sell_price from inventory_save is1_0 where is1_0.product_name=?
12:24:27.090 [main] DEBUG org.hibernate.orm.results.loading.entity -- (EntityResultInitializer) Hydrated EntityKey (com.pdcgame.Models.InventorySave): Cereal
12:24:27.090 [main] DEBUG org.hibernate.orm.results.loading.entity -- (EntityResultInitializer) Created new entity instance [com.pdcgame.Models.InventorySave#Cereal] : 147043892
12:24:27.090 [main] DEBUG org.hibernate.orm.results -- Extracted JDBC value [1] - [0]
12:24:27.090 [main] DEBUG org.hibernate.orm.results -- Extracted JDBC value [2] - [5.0]
12:24:27.090 [main] DEBUG org.hibernate.orm.results.loading.entity -- (EntityResultInitializer) Done materializing entityInstance : com.pdcgame.Models.InventorySave#Cereal
12:24:27.090 [main] DEBUG org.hibernate.orm.results.loading -- Calling top-level assembler (0 / 1) : org.hibernate.sql.results.graph.entity.internal.EntityAssembler@65259737
12:24:27.090 [main] DEBUG org.hibernate.orm.sql.exec -- Skipping reading Query result cache data: cache-enabled = false, cache-mode = IGNORE
12:24:27.090 [main] DEBUG org.hibernate.orm.results -- Initializer list:
	  com.pdcgame.Models.InventorySave -> EntityResultInitializer(com.pdcgame.Models.InventorySave)@505920393 (SingleTableEntityPersister(com.pdcgame.Models.InventorySave))

12:24:27.090 [main] DEBUG org.hibernate.SQL -- select is1_0.product_name,is1_0.quantity,is1_0.sell_price from inventory_save is1_0 where is1_0.product_name=?
12:24:27.090 [main] DEBUG org.hibernate.orm.results.loading.entity -- (EntityResultInitializer) Hydrated EntityKey (com.pdcgame.Models.InventorySave): Fruit Yoghurt
12:24:27.090 [main] DEBUG org.hibernate.orm.results.loading.entity -- (EntityResultInitializer) Created new entity instance [com.pdcgame.Models.InventorySave#Fruit Yoghurt] : 518137704
12:24:27.090 [main] DEBUG org.hibernate.orm.results -- Extracted JDBC value [1] - [0]
12:24:27.090 [main] DEBUG org.hibernate.orm.results -- Extracted JDBC value [2] - [6.5]
12:24:27.090 [main] DEBUG org.hibernate.orm.results.loading.entity -- (EntityResultInitializer) Done materializing entityInstance : com.pdcgame.Models.InventorySave#Fruit Yoghurt
12:24:27.090 [main] DEBUG org.hibernate.orm.results.loading -- Calling top-level assembler (0 / 1) : org.hibernate.sql.results.graph.entity.internal.EntityAssembler@38a52072
12:24:27.090 [main] DEBUG org.hibernate.orm.sql.exec -- Skipping reading Query result cache data: cache-enabled = false, cache-mode = IGNORE
12:24:27.090 [main] DEBUG org.hibernate.orm.results -- Initializer list:
	  com.pdcgame.Models.InventorySave -> EntityResultInitializer(com.pdcgame.Models.InventorySave)@812381379 (SingleTableEntityPersister(com.pdcgame.Models.InventorySave))

12:24:27.090 [main] DEBUG org.hibernate.SQL -- select is1_0.product_name,is1_0.quantity,is1_0.sell_price from inventory_save is1_0 where is1_0.product_name=?
12:24:27.091 [main] DEBUG org.hibernate.orm.results.loading.entity -- (EntityResultInitializer) Hydrated EntityKey (com.pdcgame.Models.InventorySave): Pasta
12:24:27.091 [main] DEBUG org.hibernate.orm.results.loading.entity -- (EntityResultInitializer) Created new entity instance [com.pdcgame.Models.InventorySave#Pasta] : 767266208
12:24:27.091 [main] DEBUG org.hibernate.orm.results -- Extracted JDBC value [1] - [0]
12:24:27.091 [main] DEBUG org.hibernate.orm.results -- Extracted JDBC value [2] - [4.05]
12:24:27.091 [main] DEBUG org.hibernate.orm.results.loading.entity -- (EntityResultInitializer) Done materializing entityInstance : com.pdcgame.Models.InventorySave#Pasta
12:24:27.091 [main] DEBUG org.hibernate.orm.results.loading -- Calling top-level assembler (0 / 1) : org.hibernate.sql.results.graph.entity.internal.EntityAssembler@3130ca39
12:24:27.091 [main] DEBUG org.hibernate.orm.sql.exec -- Skipping reading Query result cache data: cache-enabled = false, cache-mode = IGNORE
12:24:27.091 [main] DEBUG org.hibernate.orm.results -- Initializer list:
	  com.pdcgame.Models.InventorySave -> EntityResultInitializer(com.pdcgame.Models.InventorySave)@402346372 (SingleTableEntityPersister(com.pdcgame.Models.InventorySave))

12:24:27.091 [main] DEBUG org.hibernate.SQL -- select is1_0.product_name,is1_0.quantity,is1_0.sell_price from inventory_save is1_0 where is1_0.product_name=?
12:24:27.091 [main] DEBUG org.hibernate.orm.results.loading.entity -- (EntityResultInitializer) Hydrated EntityKey (com.pdcgame.Models.InventorySave): Chicken
12:24:27.091 [main] DEBUG org.hibernate.orm.results.loading.entity -- (EntityResultInitializer) Created new entity instance [com.pdcgame.Models.InventorySave#Chicken] : 327193443
12:24:27.091 [main] DEBUG org.hibernate.orm.results -- Extracted JDBC value [1] - [0]
12:24:27.091 [main] DEBUG org.hibernate.orm.results -- Extracted JDBC value [2] - [5.0]
12:24:27.091 [main] DEBUG org.hibernate.orm.results.loading.entity -- (EntityResultInitializer) Done materializing entityInstance : com.pdcgame.Models.InventorySave#Chicken
12:24:27.091 [main] DEBUG org.hibernate.orm.results.loading -- Calling top-level assembler (0 / 1) : org.hibernate.sql.results.graph.entity.internal.EntityAssembler@564d3940
12:24:27.091 [main] DEBUG org.hibernate.orm.sql.exec -- Skipping reading Query result cache data: cache-enabled = false, cache-mode = IGNORE
12:24:27.091 [main] DEBUG org.hibernate.orm.results -- Initializer list:
	  com.pdcgame.Models.InventorySave -> EntityResultInitializer(com.pdcgame.Models.InventorySave)@1487734150 (SingleTableEntityPersister(com.pdcgame.Models.InventorySave))

12:24:27.091 [main] DEBUG org.hibernate.SQL -- select is1_0.product_name,is1_0.quantity,is1_0.sell_price from inventory_save is1_0 where is1_0.product_name=?
12:24:27.091 [main] DEBUG org.hibernate.orm.results.loading.entity -- (EntityResultInitializer) Hydrated EntityKey (com.pdcgame.Models.InventorySave): Gruyere Cheese
12:24:27.091 [main] DEBUG org.hibernate.orm.results.loading.entity -- (EntityResultInitializer) Created new entity instance [com.pdcgame.Models.InventorySave#Gruyere Cheese] : 1256871900
12:24:27.091 [main] DEBUG org.hibernate.orm.results -- Extracted JDBC value [1] - [0]
12:24:27.091 [main] DEBUG org.hibernate.orm.results -- Extracted JDBC value [2] - [18.0]
12:24:27.092 [main] DEBUG org.hibernate.orm.results.loading.entity -- (EntityResultInitializer) Done materializing entityInstance : com.pdcgame.Models.InventorySave#Gruyere Cheese
12:24:27.092 [main] DEBUG org.hibernate.orm.results.loading -- Calling top-level assembler (0 / 1) : org.hibernate.sql.results.graph.entity.internal.EntityAssembler@66abc325
12:24:27.092 [main] DEBUG org.hibernate.orm.sql.exec -- Skipping reading Query result cache data: cache-enabled = false, cache-mode = IGNORE
12:24:27.092 [main] DEBUG org.hibernate.orm.results -- Initializer list:
	  com.pdcgame.Models.InventorySave -> EntityResultInitializer(com.pdcgame.Models.InventorySave)@960510275 (SingleTableEntityPersister(com.pdcgame.Models.InventorySave))

12:24:27.092 [main] DEBUG org.hibernate.SQL -- select is1_0.product_name,is1_0.quantity,is1_0.sell_price from inventory_save is1_0 where is1_0.product_name=?
12:24:27.092 [main] DEBUG org.hibernate.orm.results.loading.entity -- (EntityResultInitializer) Hydrated EntityKey (com.pdcgame.Models.InventorySave): Sugar
12:24:27.092 [main] DEBUG org.hibernate.orm.results.loading.entity -- (EntityResultInitializer) Created new entity instance [com.pdcgame.Models.InventorySave#Sugar] : 78372190
12:24:27.092 [main] DEBUG org.hibernate.orm.results -- Extracted JDBC value [1] - [0]
12:24:27.092 [main] DEBUG org.hibernate.orm.results -- Extracted JDBC value [2] - [5.96]
12:24:27.092 [main] DEBUG org.hibernate.orm.results.loading.entity -- (EntityResultInitializer) Done materializing entityInstance : com.pdcgame.Models.InventorySave#Sugar
12:24:27.092 [main] DEBUG org.hibernate.orm.results.loading -- Calling top-level assembler (0 / 1) : org.hibernate.sql.results.graph.entity.internal.EntityAssembler@66d61298
12:24:27.092 [main] DEBUG org.hibernate.orm.sql.exec -- Skipping reading Query result cache data: cache-enabled = false, cache-mode = IGNORE
12:24:27.092 [main] DEBUG org.hibernate.orm.results -- Initializer list:
	  com.pdcgame.Models.InventorySave -> EntityResultInitializer(com.pdcgame.Models.InventorySave)@2074077713 (SingleTableEntityPersister(com.pdcgame.Models.InventorySave))

12:24:27.092 [main] DEBUG org.hibernate.SQL -- select is1_0.product_name,is1_0.quantity,is1_0.sell_price from inventory_save is1_0 where is1_0.product_name=?
12:24:27.092 [main] DEBUG org.hibernate.orm.results.loading.entity -- (EntityResultInitializer) Hydrated EntityKey (com.pdcgame.Models.InventorySave): Rice
12:24:27.092 [main] DEBUG org.hibernate.orm.results.loading.entity -- (EntityResultInitializer) Created new entity instance [com.pdcgame.Models.InventorySave#Rice] : 70820563
12:24:27.092 [main] DEBUG org.hibernate.orm.results -- Extracted JDBC value [1] - [0]
12:24:27.092 [main] DEBUG org.hibernate.orm.results -- Extracted JDBC value [2] - [4.35]
12:24:27.092 [main] DEBUG org.hibernate.orm.results.loading.entity -- (EntityResultInitializer) Done materializing entityInstance : com.pdcgame.Models.InventorySave#Rice
12:24:27.092 [main] DEBUG org.hibernate.orm.results.loading -- Calling top-level assembler (0 / 1) : org.hibernate.sql.results.graph.entity.internal.EntityAssembler@6fe9c048
12:24:27.093 [main] DEBUG org.hibernate.orm.sql.exec -- Skipping reading Query result cache data: cache-enabled = false, cache-mode = IGNORE
12:24:27.093 [main] DEBUG org.hibernate.orm.results -- Initializer list:
	  com.pdcgame.Models.InventorySave -> EntityResultInitializer(com.pdcgame.Models.InventorySave)@88950472 (SingleTableEntityPersister(com.pdcgame.Models.InventorySave))

12:24:27.093 [main] DEBUG org.hibernate.SQL -- select is1_0.product_name,is1_0.quantity,is1_0.sell_price from inventory_save is1_0 where is1_0.product_name=?
12:24:27.093 [main] DEBUG org.hibernate.orm.results.loading.entity -- (EntityResultInitializer) Hydrated EntityKey (com.pdcgame.Models.InventorySave): Milk
12:24:27.093 [main] DEBUG org.hibernate.orm.results.loading.entity -- (EntityResultInitializer) Created new entity instance [com.pdcgame.Models.InventorySave#Milk] : 317366989
12:24:27.093 [main] DEBUG org.hibernate.orm.results -- Extracted JDBC value [1] - [0]
12:24:27.093 [main] DEBUG org.hibernate.orm.results -- Extracted JDBC value [2] - [2.73]
12:24:27.093 [main] DEBUG org.hibernate.orm.results.loading.entity -- (EntityResultInitializer) Done materializing entityInstance : com.pdcgame.Models.InventorySave#Milk
12:24:27.093 [main] DEBUG org.hibernate.orm.results.loading -- Calling top-level assembler (0 / 1) : org.hibernate.sql.results.graph.entity.internal.EntityAssembler@52ccf197
12:24:27.093 [main] DEBUG org.hibernate.engine.transaction.internal.TransactionImpl -- committing
12:24:27.093 [main] DEBUG org.hibernate.event.internal.AbstractFlushingEventListener -- Processing flush-time cascades
12:24:27.093 [main] DEBUG org.hibernate.event.internal.AbstractFlushingEventListener -- Dirty checking collections
12:24:27.093 [main] DEBUG org.hibernate.event.internal.AbstractFlushingEventListener -- Flushed: 0 insertions, 0 updates, 0 deletions to 21 objects
12:24:27.093 [main] DEBUG org.hibernate.event.internal.AbstractFlushingEventListener -- Flushed: 0 (re)creations, 0 updates, 0 removals to 0 collections
12:24:27.093 [main] DEBUG org.hibernate.internal.util.EntityPrinter -- Listing entities:
12:24:27.093 [main] DEBUG org.hibernate.internal.util.EntityPrinter -- com.pdcgame.Models.InventorySave{quantity=0, sellPrice=4.05, productName=Pasta}
12:24:27.093 [main] DEBUG org.hibernate.internal.util.EntityPrinter -- com.pdcgame.Models.InventorySave{quantity=0, sellPrice=18.0, productName=Gruyere Cheese}
12:24:27.093 [main] DEBUG org.hibernate.internal.util.EntityPrinter -- com.pdcgame.Models.InventorySave{quantity=0, sellPrice=8.0, productName=Dino Nuggets}
12:24:27.093 [main] DEBUG org.hibernate.internal.util.EntityPrinter -- com.pdcgame.Models.InventorySave{quantity=0, sellPrice=14.64, productName=Emmental Cheese}
12:24:27.093 [main] DEBUG org.hibernate.internal.util.EntityPrinter -- com.pdcgame.Models.InventorySave{quantity=0, sellPrice=5.4, productName=Cola Pack}
12:24:27.093 [main] DEBUG org.hibernate.internal.util.EntityPrinter -- com.pdcgame.Models.InventorySave{quantity=0, sellPrice=6.3, productName=Soda Pack}
12:24:27.093 [main] DEBUG org.hibernate.internal.util.EntityPrinter -- com.pdcgame.Models.InventorySave{quantity=0, sellPrice=3.5, productName=Popsicles}
12:24:27.093 [main] DEBUG org.hibernate.internal.util.EntityPrinter -- com.pdcgame.Models.InventorySave{quantity=0, sellPrice=6.0, productName=Premium Soda}
12:24:27.093 [main] DEBUG org.hibernate.internal.util.EntityPrinter -- com.pdcgame.Models.InventorySave{quantity=0, sellPrice=6.5, productName=Fruit Yoghurt}
12:24:27.093 [main] DEBUG org.hibernate.internal.util.EntityPrinter -- com.pdcgame.Models.InventorySave{quantity=0, sellPrice=3.0, productName=Soda Bottle}
12:24:27.093 [main] DEBUG org.hibernate.internal.util.EntityPrinter -- com.pdcgame.Models.InventorySave{quantity=0, sellPrice=3.6, productName=Cola Bottle}
12:24:27.094 [main] DEBUG org.hibernate.internal.util.EntityPrinter -- com.pdcgame.Models.InventorySave{quantity=0, sellPrice=18.8, productName=Edam Cheese}
12:24:27.094 [main] DEBUG org.hibernate.internal.util.EntityPrinter -- com.pdcgame.Models.InventorySave{quantity=0, sellPrice=10.0, productName=Hashbrowns}
12:24:27.094 [main] DEBUG org.hibernate.internal.util.EntityPrinter -- com.pdcgame.Models.InventorySave{quantity=0, sellPrice=5.0, productName=Chicken}
12:24:27.094 [main] DEBUG org.hibernate.internal.util.EntityPrinter -- com.pdcgame.Models.InventorySave{quantity=0, sellPrice=4.35, productName=Rice}
12:24:27.094 [main] DEBUG org.hibernate.internal.util.EntityPrinter -- com.pdcgame.Models.InventorySave{quantity=0, sellPrice=5.0, productName=Vanilla IceCream}
12:24:27.094 [main] DEBUG org.hibernate.internal.util.EntityPrinter -- com.pdcgame.Models.InventorySave{quantity=0, sellPrice=5.0, productName=Cereal}
12:24:27.094 [main] DEBUG org.hibernate.internal.util.EntityPrinter -- com.pdcgame.Models.InventorySave{quantity=0, sellPrice=2.73, productName=Milk}
12:24:27.094 [main] DEBUG org.hibernate.internal.util.EntityPrinter -- com.pdcgame.Models.InventorySave{quantity=0, sellPrice=5.96, productName=Sugar}
12:24:27.094 [main] DEBUG org.hibernate.internal.util.EntityPrinter -- com.pdcgame.Models.InventorySave{quantity=0, sellPrice=2.67, productName=Water Bottle}
12:24:27.094 [main] DEBUG org.hibernate.internal.util.EntityPrinter -- com.pdcgame.Models.InventorySave{quantity=0, sellPrice=2.25, productName=Salt}
12:24:27.094 [main] DEBUG org.hibernate.resource.jdbc.internal.LogicalConnectionManagedImpl -- Initiating JDBC connection release from afterTransaction
12:24:27.094 [main] DEBUG org.hibernate.resource.jdbc.internal.LogicalConnectionManagedImpl -- Initiating JDBC connection release from afterTransaction
12:24:27.094 [main] DEBUG org.hibernate.engine.transaction.internal.TransactionImpl -- On TransactionImpl creation, JpaCompliance#isJpaTransactionComplianceEnabled == false
12:24:27.094 [main] DEBUG org.hibernate.engine.transaction.internal.TransactionImpl -- begin
12:24:27.094 [main] DEBUG org.hibernate.orm.sql.ast.create -- Created new SQL alias : sis1_0
12:24:27.094 [main] DEBUG org.hibernate.orm.sql.ast.create -- Registration of TableGroup [StandardTableGroup(com.pdcgame.Models.StorageItemSave(356300552777700))] with identifierForTableGroup [com.pdcgame.Models.StorageItemSave] for NavigablePath [com.pdcgame.Models.StorageItemSave] 
12:24:27.094 [main] DEBUG org.hibernate.SQL -- delete from storage_save sis1_0
12:24:27.095 [main] DEBUG org.hibernate.engine.transaction.internal.TransactionImpl -- committing
12:24:27.095 [main] DEBUG org.hibernate.resource.jdbc.internal.LogicalConnectionManagedImpl -- Initiating JDBC connection release from afterTransaction
12:24:27.095 [main] DEBUG org.hibernate.resource.jdbc.internal.LogicalConnectionManagedImpl -- Initiating JDBC connection release from afterTransaction
]]></system-out>
  </testcase>
  <testcase name="testShowProductInfoDisplaysDescription" classname="com.pdcgame.Panels.ProductInfoPanelTest" time="0.008">
    <system-out><![CDATA[showing product info for: Banana
]]></system-out>
  </testcase>
  <testcase name="testShowProductInfoDisplaysStorageType" classname="com.pdcgame.Panels.ProductInfoPanelTest" time="0.01">
    <system-out><![CDATA[showing product info for: Ice Cream
]]></system-out>
  </testcase>
</testsuite>